2025-04-16 04:39:49.673: [INFO] VisibilityChanged: 0
2025-04-16 04:39:49.798: [INFO] RecordSyncInitDuration has_sync_been_enabled: 0 state: 0
2025-04-16 04:39:49.798: [INFO] RecordSyncInitDuration has_sync_been_enabled: 0 state: 0
2025-04-16 04:39:49.798: [INFO] RecordSyncInitDuration has_sync_been_enabled: 0 state: 0
2025-04-16 04:39:49.798: [INFO] RecordSyncInitDuration has_sync_been_enabled: 0 state: 0
2025-04-16 04:39:49.799: [INFO] RecordSyncInitDuration has_sync_been_enabled: 0 state: 0
2025-04-16 04:39:49.799: [INFO] RecordSyncInitDuration has_sync_been_enabled: 0 state: 0
2025-04-16 04:39:49.799: [INFO] RecordSyncInitDuration has_sync_been_enabled: 0 state: 0
2025-04-16 04:39:49.799: [INFO] RecordSyncInitDuration has_sync_been_enabled: 0 state: 0
2025-04-16 04:39:49.799: [INFO] RecordSyncInitDuration has_sync_been_enabled: 0 state: 0
2025-04-16 04:39:49.799: [INFO] RecordSyncInitDuration has_sync_been_enabled: 0 state: 0
2025-04-16 04:39:49.800: [INFO] RecordSyncInitDuration has_sync_been_enabled: 0 state: 0
2025-04-16 04:39:49.820: [INFO] BookmarkModelLoaded, ids_reassigned: 0
2025-04-16 04:39:49.820: [INFO] OnDoneLoading sync enabled: 0
2025-04-16 04:39:49.883: [INFO] RecordSyncInitDuration has_sync_been_enabled: 0 state: 0
2025-04-16 04:39:49.996: [INFO] RecordSyncInitDuration has_sync_been_enabled: 0 state: 3
2025-04-16 04:39:49.999: [INFO] Primary account changed.
2025-04-16 04:39:49.999: [INFO] OnPrimaryAccountChanged PrimaryAccountChangeEvent::Type::kSet
2025-04-16 04:39:50.001: [INFO] RecordSyncInitDuration has_sync_been_enabled: 0 state: 3
2025-04-16 04:39:50.217: [INFO] RecordSyncInitDuration has_sync_been_enabled: 0 state: 3
2025-04-16 04:39:53.951: [INFO] BookmarkNodeAdded, ABU: 0
2025-04-16 04:39:53.951: [INFO] BookmarkNodeAdded, ABU: 0
2025-04-16 04:39:53.952: [INFO] BookmarkNodeAdded, ABU: 0
2025-04-16 04:39:53.952: [INFO] BookmarkNodeAdded, ABU: 0
2025-04-16 04:39:53.952: [INFO] BookmarkNodeAdded, ABU: 0
2025-04-16 04:39:53.952: [INFO] BookmarkNodeAdded, ABU: 0
2025-04-16 04:39:53.952: [INFO] BookmarkNodeAdded, ABU: 0
2025-04-16 04:39:53.952: [INFO] BookmarkNodeAdded, ABU: 0
2025-04-16 04:39:53.952: [INFO] BookmarkNodeAdded, ABU: 0
2025-04-16 04:39:53.952: [INFO] BookmarkNodeAdded, ABU: 0
2025-04-16 04:39:53.952: [INFO] BookmarkNodeAdded, ABU: 0
2025-04-16 04:39:53.952: [INFO] BookmarkNodeAdded, ABU: 0
2025-04-16 04:39:53.952: [INFO] BookmarkNodeAdded, ABU: 0
2025-04-16 04:39:53.952: [INFO] BookmarkNodeAdded, ABU: 0
2025-04-16 04:39:53.952: [INFO] BookmarkNodeAdded, ABU: 0
2025-04-16 04:39:53.952: [INFO] BookmarkNodeAdded, ABU: 0
2025-04-16 04:39:53.952: [INFO] BookmarkNodeAdded, ABU: 0
2025-04-16 04:39:53.952: [INFO] BookmarkNodeAdded, ABU: 0
2025-04-16 04:39:53.952: [INFO] BookmarkNodeAdded, ABU: 0
2025-04-16 04:39:53.953: [INFO] BookmarkNodeAdded, ABU: 0
2025-04-16 04:39:53.953: [INFO] BookmarkNodeAdded, ABU: 0
2025-04-16 04:39:53.953: [INFO] BookmarkNodeAdded, ABU: 0
2025-04-16 04:39:53.953: [INFO] BookmarkNodeAdded, ABU: 0
2025-04-16 04:39:53.953: [INFO] BookmarkNodeAdded, ABU: 0
2025-04-16 04:39:53.953: [INFO] BookmarkNodeAdded, ABU: 0
2025-04-16 04:39:55.314: [INFO] Sync initialization duration: 4843ms
2025-04-16 04:42:38.208: [INFO] VisibilityChanged: 0
2025-04-16 04:42:38.367: [INFO] BookmarkModelLoaded, ids_reassigned: 0
2025-04-16 04:42:38.368: [INFO] OnDoneLoading sync enabled: 1
2025-04-16 04:42:42.450: [INFO] Sync initialization duration: 3843ms
2025-04-16 05:34:43.365: [INFO] VisibilityChanged: 0
2025-04-16 05:34:43.509: [INFO] BookmarkModelLoaded, ids_reassigned: 0
2025-04-16 05:34:43.509: [INFO] OnDoneLoading sync enabled: 1
2025-04-16 05:34:48.034: [INFO] Sync initialization duration: 4295ms
2025-04-16 06:14:20.654: [INFO] VisibilityChanged: 0
2025-04-16 06:14:20.775: [INFO] BookmarkModelLoaded, ids_reassigned: 0
2025-04-16 06:14:20.775: [INFO] OnDoneLoading sync enabled: 1
2025-04-16 06:14:24.712: [INFO] Sync initialization duration: 3710ms
2025-04-16 06:22:47.833: [INFO] VisibilityChanged: 0
2025-04-16 06:22:47.933: [INFO] BookmarkModelLoaded, ids_reassigned: 0
2025-04-16 06:22:47.933: [INFO] OnDoneLoading sync enabled: 1
2025-04-16 06:22:53.431: [INFO] Sync initialization duration: 5250ms
