{"logTime": "0416/043951", "correlationVector":"e4umrvqSW3N3iKa6XeDT3l.1","action":"SyncServerConnectionManagerRequest", "result":"SYNC_SERVER_OK", "context":{"environment":"Prod_germanywestcentral_prod-s01-011-eur-germanywestcentral", "migrationStage":"NotStarted", "server":"akswtt00600000r"}}
{"logTime": "0416/043951", "correlationVector":"e4umrvqSW3N3iKa6XeDT3l.2","action":"ProcessGetUpdates", "result":"Done", "context":{"dataType":"Encryption Keys", "deleted":"0", "process_failed_to_decrypt":"0", "process_pending_decryption":"0", "process_success":"1", "total":"1"}}
{"logTime": "0416/043952", "correlationVector":"9WAy60/hEnM0+O/ind0Aq4","action":"SyncServerConnectionManagerRequest", "result":"SYNC_SERVER_OK", "context":{"environment":"", "migrationStage":"", "server":""}}
{"logTime": "0416/043952", "correlationVector":"9WAy60/hEnM0+O/ind0Aq4.0","action":"EncryptionKeysFetcher.DownloadKeys:", "result":"Success", "context":Key count: 10, Last key timestamp: 2025-03-04T06:43:45Z}
{"logTime": "0416/043952", "correlationVector":"9WAy60/hEnM0+O/ind0Aq4.1","action":"EncryptionKeysManager::SetEncryptionKeys:", "result":"Success", "context":Key names[10]:[t0CkiDXiUzzrniOfTfCtLg3ndpKdVCWgIPJjnKfwwWR1zrx3kXVmNa8kaxozm3nbQHE7GSbpKwHZb677WxZ8XQ==][5JfaMxOOqchxblSksw7pKFk/HcDFALXuzdpoDfzWW0xoaj469ZlHhGDAIi5zpmtQTbY9uPi74IrvI3wo157Krw==][JZOEdWwArQvJs06d0WF4L+/JXI3sPd5nWdvMw2+bY/Q2BVUCSk5C9hMml7RmcgEpKkMOhZTPSHW3sN9eV4sFuA==][ZZCsAyjSGr6fJwQZyvNe9mdbYz1mg8d0M8vIq5GvnmJ/bQAIO4fxcy9aQNLv35c9D1o7Gl0WbviSrNJdGG3qvQ==][nk6o/sebY1/3p7MmGIlwn2n2+P6mVn6i4mVU2ZA0+IJGjXFoFSQKfNYzpnKphMD493zKAnKSFOcNo5b1ybv1lg==][VbcO9Ua4r216AMiyHBRvlfI1cg5XWgbB7BGp0wnmP04EL/od1C22mumBG+iV2OLhmdV4h8SWI31sIblFfuBzng==][hQBU7HcxHhJQtK+i5tdbqGjUMMo/v1u/CpO2KorcL6UCtBtx8tkJW869dar2jhZ52N3qlLSuOyEadoZe4jJozQ==][QuLW/+WvpO0ccafi01+Irj33N5B+6GhiWbPKe/jqMXYU5PSejcDtcu7YLINo9BTCy7vTnmc2QcXDbd8FHlTACQ==][QU93ICuNDpmo+JABPVXXEotyCpEPOdzTyyCg+MFbbw37Gld0IXBhHT6+TAXwFCQamB/4n4ik8IZRmgkSsECDRA==][E6pOD7ah4Oc5CJwaD3OywUUOLxciOz7zrS77+jbd7VMEEfHO2kmLZA0cXgWZPmyxCbmpK3xmTSpAD8Y0+dqhjQ==]}
{"logTime": "0416/043952", "correlationVector":"9WAy60/hEnM0+O/ind0Aq4.2","action":"EncryptionKeysManager::SetEncryptionKeysWithTimestamps:", "result":"Success", "context":Key timestamps[10]:[2020-09-23T16:20:25Z][2021-02-03T09:42:16Z][2021-06-30T08:17:53Z][2021-12-29T11:55:58Z][2022-08-30T08:28:22Z][2023-02-28T06:14:01Z][2023-08-27T14:29:32Z][2024-02-29T15:23:21Z][2024-08-30T16:58:01Z][2025-03-04T06:43:45Z]}
{"logTime": "0416/043952", "correlationVector":"e4umrvqSW3N3iKa6XeDT3l","action":"Initial GetUpdates", "result":"", "context":Reason: NEW_CLIENT. cV=e4umrvqSW3N3iKa6XeDT3l}
{"logTime": "0416/043952", "correlationVector":"e4umrvqSW3N3iKa6XeDT3l.3","action":"GetUpdates Response", "result":"Success", "context":Received 1 update(s). cV=e4umrvqSW3N3iKa6XeDT3l.0;server=akswtt00600000r;cloudType=Consumer;environment=Prod_germanywestcentral_prod-s01-011-eur-germanywestcentral;migrationStage=NotStarted}
{"logTime": "0416/043952", "correlationVector":"xyEEO3NMvXCsV/A5sqTGgY","action":"Initial GetUpdates", "result":"", "context":Reason: NEWLY_SUPPORTED_DATATYPE. cV=xyEEO3NMvXCsV/A5sqTGgY}
{"logTime": "0416/043953", "correlationVector":"xyEEO3NMvXCsV/A5sqTGgY.1","action":"SyncServerConnectionManagerRequest", "result":"SYNC_SERVER_OK", "context":{"environment":"Prod_germanywestcentral_prod-s01-011-eur-germanywestcentral", "migrationStage":"NotStarted", "server":"akswtt00600001g"}}
{"logTime": "0416/043953", "correlationVector":"xyEEO3NMvXCsV/A5sqTGgY.2","action":"ProcessGetUpdates", "result":"Done", "context":{"dataType":"Preferences", "deleted":"0", "process_failed_to_decrypt":"0", "process_pending_decryption":"0", "process_success":"80", "total":"80"}}
{"logTime": "0416/043953", "correlationVector":"xyEEO3NMvXCsV/A5sqTGgY.3","action":"ProcessGetUpdates", "result":"Done", "context":{"dataType":"Passwords", "deleted":"0", "process_failed_to_decrypt":"0", "process_pending_decryption":"0", "process_success":"7", "total":"7"}}
{"logTime": "0416/043953", "correlationVector":"xyEEO3NMvXCsV/A5sqTGgY.4","action":"ProcessGetUpdates", "result":"Done", "context":{"dataType":"Device Info", "deleted":"0", "process_failed_to_decrypt":"0", "process_pending_decryption":"0", "process_success":"29", "total":"29"}}
{"logTime": "0416/043953", "correlationVector":"xyEEO3NMvXCsV/A5sqTGgY.5","action":"GetUpdates Response", "result":"Success", "context":Received 116 update(s). cV=xyEEO3NMvXCsV/A5sqTGgY.0;server=akswtt00600001g;cloudType=Consumer;environment=Prod_germanywestcentral_prod-s01-011-eur-germanywestcentral;migrationStage=NotStarted}
{"logTime": "0416/043953", "correlationVector":"MX7YzSrbsDVuCwFTtzwUIH","action":"Initial GetUpdates", "result":"", "context":Reason: NEWLY_SUPPORTED_DATATYPE. cV=MX7YzSrbsDVuCwFTtzwUIH}
{"logTime": "0416/043953", "correlationVector":"MX7YzSrbsDVuCwFTtzwUIH.1","action":"SyncServerConnectionManagerRequest", "result":"SYNC_SERVER_OK", "context":{"environment":"Prod_germanywestcentral_prod-s01-011-eur-germanywestcentral", "migrationStage":"NotStarted", "server":"akswtt00600001h"}}
{"logTime": "0416/043953", "correlationVector":"MX7YzSrbsDVuCwFTtzwUIH.2","action":"ProcessGetUpdates", "result":"Done", "context":{"dataType":"Bookmarks", "deleted":"0", "process_failed_to_decrypt":"0", "process_pending_decryption":"0", "process_success":"30", "total":"30"}}
{"logTime": "0416/043953", "correlationVector":"MX7YzSrbsDVuCwFTtzwUIH.3","action":"GetUpdates Response", "result":"Success", "context":Received 30 update(s). cV=MX7YzSrbsDVuCwFTtzwUIH.0;server=akswtt00600001h;cloudType=Consumer;environment=Prod_germanywestcentral_prod-s01-011-eur-germanywestcentral;migrationStage=NotStarted}
{"logTime": "0416/043953", "correlationVector":"ekBc/6fs5gJcZ/72aWo3nK","action":"Initial GetUpdates", "result":"", "context":Reason: NEWLY_SUPPORTED_DATATYPE. cV=ekBc/6fs5gJcZ/72aWo3nK}
{"logTime": "0416/043954", "correlationVector":"ekBc/6fs5gJcZ/72aWo3nK.1","action":"SyncServerConnectionManagerRequest", "result":"SYNC_SERVER_OK", "context":{"environment":"Prod_germanywestcentral_prod-s01-011-eur-germanywestcentral", "migrationStage":"NotStarted", "server":"akswtt006000006"}}
{"logTime": "0416/043954", "correlationVector":"ekBc/6fs5gJcZ/72aWo3nK.2","action":"ProcessGetUpdates", "result":"Done", "context":{"dataType":"Autofill", "deleted":"0", "process_failed_to_decrypt":"0", "process_pending_decryption":"0", "process_success":"7", "total":"7"}}
{"logTime": "0416/043954", "correlationVector":"ekBc/6fs5gJcZ/72aWo3nK.3","action":"ProcessGetUpdates", "result":"Done", "context":{"dataType":"Extensions", "deleted":"0", "process_failed_to_decrypt":"0", "process_pending_decryption":"0", "process_success":"2", "total":"2"}}
{"logTime": "0416/043954", "correlationVector":"ekBc/6fs5gJcZ/72aWo3nK.4","action":"ProcessGetUpdates", "result":"Done", "context":{"dataType":"Sessions", "deleted":"93", "process_failed_to_decrypt":"0", "process_pending_decryption":"0", "process_success":"126", "total":"126"}}
{"logTime": "0416/043954", "correlationVector":"ekBc/6fs5gJcZ/72aWo3nK.5","action":"ProcessGetUpdates", "result":"Done", "context":{"dataType":"Extension settings", "deleted":"0", "process_failed_to_decrypt":"0", "process_pending_decryption":"0", "process_success":"66", "total":"66"}}
{"logTime": "0416/043954", "correlationVector":"ekBc/6fs5gJcZ/72aWo3nK.6","action":"ProcessGetUpdates", "result":"Done", "context":{"dataType":"Collection", "deleted":"0", "process_failed_to_decrypt":"0", "process_pending_decryption":"0", "process_success":"6", "total":"6"}}
{"logTime": "0416/043954", "correlationVector":"ekBc/6fs5gJcZ/72aWo3nK.7","action":"ProcessGetUpdates", "result":"Done", "context":{"dataType":"Edge Hub App Usage", "deleted":"20", "process_failed_to_decrypt":"0", "process_pending_decryption":"0", "process_success":"43", "total":"43"}}
{"logTime": "0416/043954", "correlationVector":"ekBc/6fs5gJcZ/72aWo3nK.8","action":"GetUpdates Response", "result":"Success", "context":Received 250 update(s). cV=ekBc/6fs5gJcZ/72aWo3nK.0;server=akswtt006000006;cloudType=Consumer;environment=Prod_germanywestcentral_prod-s01-011-eur-germanywestcentral;migrationStage=NotStarted Some updates remain.}
{"logTime": "0416/043954", "correlationVector":"Ywq3m8tAdTO7sd3hZUwaE1","action":"Initial GetUpdates", "result":"", "context":Reason: NEWLY_SUPPORTED_DATATYPE. cV=Ywq3m8tAdTO7sd3hZUwaE1}
{"logTime": "0416/043955", "correlationVector":"Ywq3m8tAdTO7sd3hZUwaE1.1","action":"SyncServerConnectionManagerRequest", "result":"SYNC_SERVER_OK", "context":{"environment":"Prod_germanywestcentral_prod-s01-011-eur-germanywestcentral", "migrationStage":"NotStarted", "server":"akswtt006000001"}}
{"logTime": "0416/043955", "correlationVector":"Ywq3m8tAdTO7sd3hZUwaE1.2","action":"GetUpdates Response", "result":"Success", "context":Received 0 update(s). cV=Ywq3m8tAdTO7sd3hZUwaE1.0;server=akswtt006000001;cloudType=Consumer;environment=Prod_germanywestcentral_prod-s01-011-eur-germanywestcentral;migrationStage=NotStarted}
{"logTime": "0416/043955", "correlationVector":"0HDdU+NN2BCqXHBY3fnLdJ","action":"Initial GetUpdates", "result":"", "context":Reason: NEWLY_SUPPORTED_DATATYPE. cV=0HDdU+NN2BCqXHBY3fnLdJ}
{"logTime": "0416/043955", "correlationVector":"0HDdU+NN2BCqXHBY3fnLdJ.1","action":"SyncServerConnectionManagerRequest", "result":"SYNC_SERVER_OK", "context":{"environment":"Prod_germanywestcentral_prod-s01-011-eur-germanywestcentral", "migrationStage":"NotStarted", "server":"akswtt006000010"}}
{"logTime": "0416/043955", "correlationVector":"0HDdU+NN2BCqXHBY3fnLdJ.2","action":"ProcessGetUpdates", "result":"Done", "context":{"dataType":"History", "deleted":"0", "process_failed_to_decrypt":"0", "process_pending_decryption":"0", "process_success":"231", "total":"231"}}
{"logTime": "0416/043955", "correlationVector":"0HDdU+NN2BCqXHBY3fnLdJ.3","action":"GetUpdates Response", "result":"Success", "context":Received 231 update(s). cV=0HDdU+NN2BCqXHBY3fnLdJ.0;server=akswtt006000010;cloudType=Consumer;environment=Prod_germanywestcentral_prod-s01-011-eur-germanywestcentral;migrationStage=NotStarted}
{"logTime": "0416/043955", "correlationVector":"QEF2RoXtVvmxOCCWPHaZVm","action":"Normal GetUpdate request", "result":"", "context":cV=QEF2RoXtVvmxOCCWPHaZVm
Nudged types: Preferences, Sessions, Device Info, User Consents
Refresh requested types: Bookmarks, Preferences, Passwords, Autofill Profiles, Autofill, Extensions, Sessions, Extension settings, History Delete Directives, Device Info, User Consents, Send Tab To Self, Web Apps, History, Saved Tab Group, Collection, Edge E Drop, Edge Hub App Usage, Edge Tab Group, Edge Wallet, Encryption Keys}
{"logTime": "0416/043956", "correlationVector":"QEF2RoXtVvmxOCCWPHaZVm.1","action":"SyncServerConnectionManagerRequest", "result":"SYNC_SERVER_OK", "context":{"environment":"Prod_germanywestcentral_prod-s01-011-eur-germanywestcentral", "migrationStage":"NotStarted", "server":"akswtt00600000l"}}
{"logTime": "0416/043956", "correlationVector":"QEF2RoXtVvmxOCCWPHaZVm.2","action":"GetUpdates Response", "result":"Success", "context":Received 0 update(s). cV=QEF2RoXtVvmxOCCWPHaZVm.0;server=akswtt00600000l;cloudType=Consumer;environment=Prod_germanywestcentral_prod-s01-011-eur-germanywestcentral;migrationStage=NotStarted}
{"logTime": "0416/043956", "correlationVector":"BOoNLWUlDDl4qNA6Yyd0CS","action":"Commit Request", "result":"", "context":Item count: 6
Contributing types: Preferences, Sessions, Device Info, User Consents}
{"logTime": "0416/043956", "correlationVector":"BOoNLWUlDDl4qNA6Yyd0CS.1","action":"SyncServerConnectionManagerRequest", "result":"SYNC_SERVER_OK", "context":{"environment":"Prod_germanywestcentral_prod-s01-011-eur-germanywestcentral", "migrationStage":"NotStarted", "server":"akswtt006000019"}}
{"logTime": "0416/043956", "correlationVector":"BOoNLWUlDDl4qNA6Yyd0CS.2","action":"Commit Response", "result":"Success", "context":Result: Success. cV=BOoNLWUlDDl4qNA6Yyd0CS.0;server=akswtt006000019;cloudType=Consumer;environment=Prod_germanywestcentral_prod-s01-011-eur-germanywestcentral;migrationStage=NotStarted}
{"logTime": "0416/044240", "correlationVector":"9WsU7MfapVPS2VL45QShL7.1","action":"SyncServerConnectionManagerRequest", "result":"SYNC_SERVER_OK", "context":{"environment":"Prod_germanywestcentral_prod-s01-011-eur-germanywestcentral", "migrationStage":"NotStarted", "server":"akswtt006000044"}}
{"logTime": "0416/044240", "correlationVector":"9WsU7MfapVPS2VL45QShL7.2","action":"ProcessGetUpdates", "result":"Done", "context":{"dataType":"Encryption Keys", "deleted":"0", "process_failed_to_decrypt":"0", "process_pending_decryption":"0", "process_success":"1", "total":"1"}}
{"logTime": "0416/044241", "correlationVector":"ZCFd0PkSIdP7tWUDNqrlw/","action":"SyncServerConnectionManagerRequest", "result":"SYNC_SERVER_OK", "context":{"environment":"", "migrationStage":"", "server":""}}
{"logTime": "0416/044241", "correlationVector":"ZCFd0PkSIdP7tWUDNqrlw/.0","action":"EncryptionKeysFetcher.DownloadKeys:", "result":"Success", "context":Key count: 10, Last key timestamp: 2025-03-04T06:43:45Z}
{"logTime": "0416/044241", "correlationVector":"ZCFd0PkSIdP7tWUDNqrlw/.1","action":"EncryptionKeysManager::SetEncryptionKeys:", "result":"Success", "context":Key names[10]:[t0CkiDXiUzzrniOfTfCtLg3ndpKdVCWgIPJjnKfwwWR1zrx3kXVmNa8kaxozm3nbQHE7GSbpKwHZb677WxZ8XQ==][5JfaMxOOqchxblSksw7pKFk/HcDFALXuzdpoDfzWW0xoaj469ZlHhGDAIi5zpmtQTbY9uPi74IrvI3wo157Krw==][JZOEdWwArQvJs06d0WF4L+/JXI3sPd5nWdvMw2+bY/Q2BVUCSk5C9hMml7RmcgEpKkMOhZTPSHW3sN9eV4sFuA==][ZZCsAyjSGr6fJwQZyvNe9mdbYz1mg8d0M8vIq5GvnmJ/bQAIO4fxcy9aQNLv35c9D1o7Gl0WbviSrNJdGG3qvQ==][nk6o/sebY1/3p7MmGIlwn2n2+P6mVn6i4mVU2ZA0+IJGjXFoFSQKfNYzpnKphMD493zKAnKSFOcNo5b1ybv1lg==][VbcO9Ua4r216AMiyHBRvlfI1cg5XWgbB7BGp0wnmP04EL/od1C22mumBG+iV2OLhmdV4h8SWI31sIblFfuBzng==][hQBU7HcxHhJQtK+i5tdbqGjUMMo/v1u/CpO2KorcL6UCtBtx8tkJW869dar2jhZ52N3qlLSuOyEadoZe4jJozQ==][QuLW/+WvpO0ccafi01+Irj33N5B+6GhiWbPKe/jqMXYU5PSejcDtcu7YLINo9BTCy7vTnmc2QcXDbd8FHlTACQ==][QU93ICuNDpmo+JABPVXXEotyCpEPOdzTyyCg+MFbbw37Gld0IXBhHT6+TAXwFCQamB/4n4ik8IZRmgkSsECDRA==][E6pOD7ah4Oc5CJwaD3OywUUOLxciOz7zrS77+jbd7VMEEfHO2kmLZA0cXgWZPmyxCbmpK3xmTSpAD8Y0+dqhjQ==]}
{"logTime": "0416/044241", "correlationVector":"ZCFd0PkSIdP7tWUDNqrlw/.2","action":"EncryptionKeysManager::SetEncryptionKeysWithTimestamps:", "result":"Success", "context":Key timestamps[10]:[2020-09-23T16:20:25Z][2021-02-03T09:42:16Z][2021-06-30T08:17:53Z][2021-12-29T11:55:58Z][2022-08-30T08:28:22Z][2023-02-28T06:14:01Z][2023-08-27T14:29:32Z][2024-02-29T15:23:21Z][2024-08-30T16:58:01Z][2025-03-04T06:43:45Z]}
{"logTime": "0416/044241", "correlationVector":"9WsU7MfapVPS2VL45QShL7","action":"Initial GetUpdates", "result":"", "context":Reason: NEW_CLIENT. cV=9WsU7MfapVPS2VL45QShL7}
{"logTime": "0416/044241", "correlationVector":"9WsU7MfapVPS2VL45QShL7.3","action":"GetUpdates Response", "result":"Success", "context":Received 1 update(s). cV=9WsU7MfapVPS2VL45QShL7.0;server=akswtt006000044;cloudType=Consumer;environment=Prod_germanywestcentral_prod-s01-011-eur-germanywestcentral;migrationStage=NotStarted}
{"logTime": "0416/044241", "correlationVector":"Btnb0flS0xYEPIvlvmaXuS","action":"Initial GetUpdates", "result":"", "context":Reason: NEWLY_SUPPORTED_DATATYPE. cV=Btnb0flS0xYEPIvlvmaXuS}
{"logTime": "0416/044242", "correlationVector":"Btnb0flS0xYEPIvlvmaXuS.1","action":"SyncServerConnectionManagerRequest", "result":"SYNC_SERVER_OK", "context":{"environment":"Prod_germanywestcentral_prod-s01-011-eur-germanywestcentral", "migrationStage":"NotStarted", "server":"akswtt00600001x"}}
{"logTime": "0416/044242", "correlationVector":"Btnb0flS0xYEPIvlvmaXuS.2","action":"ProcessGetUpdates", "result":"Done", "context":{"dataType":"Passwords", "deleted":"0", "process_failed_to_decrypt":"0", "process_pending_decryption":"0", "process_success":"7", "total":"7"}}
{"logTime": "0416/044242", "correlationVector":"Btnb0flS0xYEPIvlvmaXuS.3","action":"GetUpdates Response", "result":"Success", "context":Received 7 update(s). cV=Btnb0flS0xYEPIvlvmaXuS.0;server=akswtt00600001x;cloudType=Consumer;environment=Prod_germanywestcentral_prod-s01-011-eur-germanywestcentral;migrationStage=NotStarted}
{"logTime": "0416/044242", "correlationVector":"AZZYFDRmSzXxvt9g5rj2FR","action":"Normal GetUpdate request", "result":"", "context":cV=AZZYFDRmSzXxvt9g5rj2FR
Nudged types: Sessions, History
Refresh requested types: Bookmarks, Preferences, Passwords, Autofill Profiles, Autofill, Extensions, Sessions, Extension settings, History Delete Directives, Device Info, User Consents, Send Tab To Self, Web Apps, History, Saved Tab Group, Collection, Edge E Drop, Edge Hub App Usage, Edge Tab Group, Edge Wallet, Encryption Keys}
{"logTime": "0416/044243", "correlationVector":"AZZYFDRmSzXxvt9g5rj2FR.1","action":"SyncServerConnectionManagerRequest", "result":"SYNC_SERVER_OK", "context":{"environment":"Prod_germanywestcentral_prod-s01-011-eur-germanywestcentral", "migrationStage":"NotStarted", "server":"akswtt00600000d"}}
{"logTime": "0416/044243", "correlationVector":"AZZYFDRmSzXxvt9g5rj2FR.2","action":"ProcessGetUpdates", "result":"Done", "context":{"dataType":"Preferences", "deleted":"0", "process_failed_to_decrypt":"0", "process_pending_decryption":"0", "process_success":"1", "total":"1"}}
{"logTime": "0416/044243", "correlationVector":"AZZYFDRmSzXxvt9g5rj2FR.3","action":"ProcessGetUpdates", "result":"Done", "context":{"dataType":"Sessions", "deleted":"0", "process_failed_to_decrypt":"0", "process_pending_decryption":"0", "process_success":"2", "total":"2"}}
{"logTime": "0416/044243", "correlationVector":"AZZYFDRmSzXxvt9g5rj2FR.4","action":"ProcessGetUpdates", "result":"Done", "context":{"dataType":"Device Info", "deleted":"0", "process_failed_to_decrypt":"0", "process_pending_decryption":"0", "process_success":"1", "total":"1"}}
{"logTime": "0416/044243", "correlationVector":"AZZYFDRmSzXxvt9g5rj2FR.5","action":"GetUpdates Response", "result":"Success", "context":Received 4 update(s). cV=AZZYFDRmSzXxvt9g5rj2FR.0;server=akswtt00600000d;cloudType=Consumer;environment=Prod_germanywestcentral_prod-s01-011-eur-germanywestcentral;migrationStage=NotStarted}
{"logTime": "0416/044243", "correlationVector":"IMhrjk1ARZYsWQd5hfkKvI","action":"Commit Request", "result":"", "context":Item count: 6
Contributing types: Sessions, History}
{"logTime": "0416/044243", "correlationVector":"IMhrjk1ARZYsWQd5hfkKvI.1","action":"SyncServerConnectionManagerRequest", "result":"SYNC_SERVER_OK", "context":{"environment":"Prod_germanywestcentral_prod-s01-011-eur-germanywestcentral", "migrationStage":"NotStarted", "server":"akswtt00600002k"}}
{"logTime": "0416/044243", "correlationVector":"IMhrjk1ARZYsWQd5hfkKvI.2","action":"Commit Response", "result":"Success", "context":Result: Success. cV=IMhrjk1ARZYsWQd5hfkKvI.0;server=akswtt00600002k;cloudType=Consumer;environment=Prod_germanywestcentral_prod-s01-011-eur-germanywestcentral;migrationStage=NotStarted}
{"logTime": "0416/044246", "correlationVector":"wHJttDealXoiiqYeadAcHr","action":"Commit Request", "result":"", "context":Item count: 1
Contributing types: Preferences}
{"logTime": "0416/044246", "correlationVector":"wHJttDealXoiiqYeadAcHr.1","action":"SyncServerConnectionManagerRequest", "result":"SYNC_SERVER_OK", "context":{"environment":"Prod_germanywestcentral_prod-s01-011-eur-germanywestcentral", "migrationStage":"NotStarted", "server":"akswtt00600000d"}}
{"logTime": "0416/044246", "correlationVector":"wHJttDealXoiiqYeadAcHr.2","action":"Commit Response", "result":"Success", "context":Result: Success. cV=wHJttDealXoiiqYeadAcHr.0;server=akswtt00600000d;cloudType=Consumer;environment=Prod_germanywestcentral_prod-s01-011-eur-germanywestcentral;migrationStage=NotStarted}
{"logTime": "0416/053446", "correlationVector":"VdcL3w4Y9n9e3NFA83htg8.1","action":"SyncServerConnectionManagerRequest", "result":"SYNC_SERVER_OK", "context":{"environment":"Prod_germanywestcentral_prod-s01-011-eur-germanywestcentral", "migrationStage":"NotStarted", "server":"akswtt00600000x"}}
{"logTime": "0416/053446", "correlationVector":"VdcL3w4Y9n9e3NFA83htg8.2","action":"ProcessGetUpdates", "result":"Done", "context":{"dataType":"Encryption Keys", "deleted":"0", "process_failed_to_decrypt":"0", "process_pending_decryption":"0", "process_success":"1", "total":"1"}}
{"logTime": "0416/053447", "correlationVector":"QeWTSaCjLK6fVDnfdgEUop","action":"SyncServerConnectionManagerRequest", "result":"SYNC_SERVER_OK", "context":{"environment":"", "migrationStage":"", "server":""}}
{"logTime": "0416/053447", "correlationVector":"QeWTSaCjLK6fVDnfdgEUop.0","action":"EncryptionKeysFetcher.DownloadKeys:", "result":"Success", "context":Key count: 10, Last key timestamp: 2025-03-04T06:43:45Z}
{"logTime": "0416/053447", "correlationVector":"QeWTSaCjLK6fVDnfdgEUop.1","action":"EncryptionKeysManager::SetEncryptionKeys:", "result":"Success", "context":Key names[10]:[t0CkiDXiUzzrniOfTfCtLg3ndpKdVCWgIPJjnKfwwWR1zrx3kXVmNa8kaxozm3nbQHE7GSbpKwHZb677WxZ8XQ==][5JfaMxOOqchxblSksw7pKFk/HcDFALXuzdpoDfzWW0xoaj469ZlHhGDAIi5zpmtQTbY9uPi74IrvI3wo157Krw==][JZOEdWwArQvJs06d0WF4L+/JXI3sPd5nWdvMw2+bY/Q2BVUCSk5C9hMml7RmcgEpKkMOhZTPSHW3sN9eV4sFuA==][ZZCsAyjSGr6fJwQZyvNe9mdbYz1mg8d0M8vIq5GvnmJ/bQAIO4fxcy9aQNLv35c9D1o7Gl0WbviSrNJdGG3qvQ==][nk6o/sebY1/3p7MmGIlwn2n2+P6mVn6i4mVU2ZA0+IJGjXFoFSQKfNYzpnKphMD493zKAnKSFOcNo5b1ybv1lg==][VbcO9Ua4r216AMiyHBRvlfI1cg5XWgbB7BGp0wnmP04EL/od1C22mumBG+iV2OLhmdV4h8SWI31sIblFfuBzng==][hQBU7HcxHhJQtK+i5tdbqGjUMMo/v1u/CpO2KorcL6UCtBtx8tkJW869dar2jhZ52N3qlLSuOyEadoZe4jJozQ==][QuLW/+WvpO0ccafi01+Irj33N5B+6GhiWbPKe/jqMXYU5PSejcDtcu7YLINo9BTCy7vTnmc2QcXDbd8FHlTACQ==][QU93ICuNDpmo+JABPVXXEotyCpEPOdzTyyCg+MFbbw37Gld0IXBhHT6+TAXwFCQamB/4n4ik8IZRmgkSsECDRA==][E6pOD7ah4Oc5CJwaD3OywUUOLxciOz7zrS77+jbd7VMEEfHO2kmLZA0cXgWZPmyxCbmpK3xmTSpAD8Y0+dqhjQ==]}
{"logTime": "0416/053447", "correlationVector":"QeWTSaCjLK6fVDnfdgEUop.2","action":"EncryptionKeysManager::SetEncryptionKeysWithTimestamps:", "result":"Success", "context":Key timestamps[10]:[2020-09-23T16:20:25Z][2021-02-03T09:42:16Z][2021-06-30T08:17:53Z][2021-12-29T11:55:58Z][2022-08-30T08:28:22Z][2023-02-28T06:14:01Z][2023-08-27T14:29:32Z][2024-02-29T15:23:21Z][2024-08-30T16:58:01Z][2025-03-04T06:43:45Z]}
{"logTime": "0416/053447", "correlationVector":"VdcL3w4Y9n9e3NFA83htg8","action":"Initial GetUpdates", "result":"", "context":Reason: NEW_CLIENT. cV=VdcL3w4Y9n9e3NFA83htg8}
{"logTime": "0416/053447", "correlationVector":"VdcL3w4Y9n9e3NFA83htg8.3","action":"GetUpdates Response", "result":"Success", "context":Received 1 update(s). cV=VdcL3w4Y9n9e3NFA83htg8.0;server=akswtt00600000x;cloudType=Consumer;environment=Prod_germanywestcentral_prod-s01-011-eur-germanywestcentral;migrationStage=NotStarted}
{"logTime": "0416/053447", "correlationVector":"S2PRoGdmWeJ7nLnYype/Ua","action":"Initial GetUpdates", "result":"", "context":Reason: NEWLY_SUPPORTED_DATATYPE. cV=S2PRoGdmWeJ7nLnYype/Ua}
{"logTime": "0416/053448", "correlationVector":"S2PRoGdmWeJ7nLnYype/Ua.1","action":"SyncServerConnectionManagerRequest", "result":"SYNC_SERVER_OK", "context":{"environment":"Prod_germanywestcentral_prod-s01-010-eur-germanywestcentral", "migrationStage":"NotStarted", "server":"akswtt00600002r"}}
{"logTime": "0416/053448", "correlationVector":"S2PRoGdmWeJ7nLnYype/Ua.2","action":"ProcessGetUpdates", "result":"Done", "context":{"dataType":"Passwords", "deleted":"0", "process_failed_to_decrypt":"0", "process_pending_decryption":"0", "process_success":"7", "total":"7"}}
{"logTime": "0416/053448", "correlationVector":"S2PRoGdmWeJ7nLnYype/Ua.3","action":"GetUpdates Response", "result":"Success", "context":Received 7 update(s). cV=S2PRoGdmWeJ7nLnYype/Ua.0;server=akswtt00600002r;cloudType=Consumer;environment=Prod_germanywestcentral_prod-s01-010-eur-germanywestcentral;migrationStage=NotStarted}
{"logTime": "0416/053448", "correlationVector":"OwF1ZYkNzuXJ37JOlIW6oC","action":"Normal GetUpdate request", "result":"", "context":cV=OwF1ZYkNzuXJ37JOlIW6oC
Nudged types: Sessions, Device Info, History
Refresh requested types: Bookmarks, Preferences, Passwords, Autofill Profiles, Autofill, Extensions, Sessions, Extension settings, History Delete Directives, Device Info, User Consents, Send Tab To Self, Web Apps, History, Saved Tab Group, Collection, Edge E Drop, Edge Hub App Usage, Edge Tab Group, Edge Wallet, Encryption Keys}
{"logTime": "0416/053448", "correlationVector":"OwF1ZYkNzuXJ37JOlIW6oC.1","action":"SyncServerConnectionManagerRequest", "result":"SYNC_SERVER_OK", "context":{"environment":"Prod_germanywestcentral_prod-s01-011-eur-germanywestcentral", "migrationStage":"NotStarted", "server":"akswtt00600000q"}}
{"logTime": "0416/053448", "correlationVector":"OwF1ZYkNzuXJ37JOlIW6oC.2","action":"ProcessGetUpdates", "result":"Done", "context":{"dataType":"Preferences", "deleted":"0", "process_failed_to_decrypt":"0", "process_pending_decryption":"0", "process_success":"1", "total":"1"}}
{"logTime": "0416/053448", "correlationVector":"OwF1ZYkNzuXJ37JOlIW6oC.3","action":"ProcessGetUpdates", "result":"Done", "context":{"dataType":"Sessions", "deleted":"0", "process_failed_to_decrypt":"0", "process_pending_decryption":"0", "process_success":"3", "total":"3"}}
{"logTime": "0416/053448", "correlationVector":"OwF1ZYkNzuXJ37JOlIW6oC.4","action":"ProcessGetUpdates", "result":"Done", "context":{"dataType":"History", "deleted":"0", "process_failed_to_decrypt":"0", "process_pending_decryption":"0", "process_success":"3", "total":"3"}}
{"logTime": "0416/053448", "correlationVector":"OwF1ZYkNzuXJ37JOlIW6oC.5","action":"GetUpdates Response", "result":"Success", "context":Received 7 update(s). cV=OwF1ZYkNzuXJ37JOlIW6oC.0;server=akswtt00600000q;cloudType=Consumer;environment=Prod_germanywestcentral_prod-s01-011-eur-germanywestcentral;migrationStage=NotStarted}
{"logTime": "0416/053448", "correlationVector":"JX603pNFmm0K6slAHMWFRD","action":"Commit Request", "result":"", "context":Item count: 6
Contributing types: Sessions, Device Info, History}
{"logTime": "0416/053449", "correlationVector":"JX603pNFmm0K6slAHMWFRD.1","action":"SyncServerConnectionManagerRequest", "result":"SYNC_SERVER_OK", "context":{"environment":"Prod_germanywestcentral_prod-s01-011-eur-germanywestcentral", "migrationStage":"NotStarted", "server":"akswtt00600001g"}}
{"logTime": "0416/053449", "correlationVector":"JX603pNFmm0K6slAHMWFRD.2","action":"Commit Response", "result":"Success", "context":Result: Success. cV=JX603pNFmm0K6slAHMWFRD.0;server=akswtt00600001g;cloudType=Consumer;environment=Prod_germanywestcentral_prod-s01-011-eur-germanywestcentral;migrationStage=NotStarted}
{"logTime": "0416/053451", "correlationVector":"MoCOrFWk4zL2VcgAx6rqc0","action":"Commit Request", "result":"", "context":Item count: 1
Contributing types: Preferences}
{"logTime": "0416/053452", "correlationVector":"MoCOrFWk4zL2VcgAx6rqc0.1","action":"SyncServerConnectionManagerRequest", "result":"SYNC_SERVER_OK", "context":{"environment":"Prod_germanywestcentral_prod-s01-011-eur-germanywestcentral", "migrationStage":"NotStarted", "server":"akswtt006000044"}}
{"logTime": "0416/053452", "correlationVector":"MoCOrFWk4zL2VcgAx6rqc0.2","action":"Commit Response", "result":"Success", "context":Result: Success. cV=MoCOrFWk4zL2VcgAx6rqc0.0;server=akswtt006000044;cloudType=Consumer;environment=Prod_germanywestcentral_prod-s01-011-eur-germanywestcentral;migrationStage=NotStarted}
{"logTime": "0416/053545", "correlationVector":"PbyHgsS++wNJ3cIlRcHkm2","action":"Commit Request", "result":"", "context":Item count: 4
Contributing types: Sessions, History}
{"logTime": "0416/053545", "correlationVector":"PbyHgsS++wNJ3cIlRcHkm2.1","action":"SyncServerConnectionManagerRequest", "result":"SYNC_SERVER_OK", "context":{"environment":"Prod_germanywestcentral_prod-s01-010-eur-germanywestcentral", "migrationStage":"NotStarted", "server":"akswtt00600001t"}}
{"logTime": "0416/053545", "correlationVector":"PbyHgsS++wNJ3cIlRcHkm2.2","action":"Commit Response", "result":"Success", "context":Result: Success. cV=PbyHgsS++wNJ3cIlRcHkm2.0;server=akswtt00600001t;cloudType=Consumer;environment=Prod_germanywestcentral_prod-s01-010-eur-germanywestcentral;migrationStage=NotStarted}
{"logTime": "0416/053545", "correlationVector":"PbyHgsS++wNJ3cIlRcHkm2.3","action":"Commit.Sessions", "result":"Success", "context":{"id":"1bb541c8-992a-4d9a-980b-d07c8034c784", "isDeleted":"true", "size":"0", "version":"1744781688889"}}
{"logTime": "0416/061422", "correlationVector":"3vs/s75vTzRy6V54I8Y+FW.1","action":"SyncServerConnectionManagerRequest", "result":"SYNC_SERVER_OK", "context":{"environment":"Prod_germanywestcentral_prod-s01-011-eur-germanywestcentral", "migrationStage":"NotStarted", "server":"akswtt00600000g"}}
{"logTime": "0416/061422", "correlationVector":"3vs/s75vTzRy6V54I8Y+FW.2","action":"ProcessGetUpdates", "result":"Done", "context":{"dataType":"Encryption Keys", "deleted":"0", "process_failed_to_decrypt":"0", "process_pending_decryption":"0", "process_success":"1", "total":"1"}}
{"logTime": "0416/061424", "correlationVector":"pzkMPwd3KnwfIVY1G/5eBE","action":"SyncServerConnectionManagerRequest", "result":"SYNC_SERVER_OK", "context":{"environment":"", "migrationStage":"", "server":""}}
{"logTime": "0416/061424", "correlationVector":"pzkMPwd3KnwfIVY1G/5eBE.0","action":"EncryptionKeysFetcher.DownloadKeys:", "result":"Success", "context":Key count: 10, Last key timestamp: 2025-03-04T06:43:45Z}
{"logTime": "0416/061424", "correlationVector":"pzkMPwd3KnwfIVY1G/5eBE.1","action":"EncryptionKeysManager::SetEncryptionKeys:", "result":"Success", "context":Key names[10]:[t0CkiDXiUzzrniOfTfCtLg3ndpKdVCWgIPJjnKfwwWR1zrx3kXVmNa8kaxozm3nbQHE7GSbpKwHZb677WxZ8XQ==][5JfaMxOOqchxblSksw7pKFk/HcDFALXuzdpoDfzWW0xoaj469ZlHhGDAIi5zpmtQTbY9uPi74IrvI3wo157Krw==][JZOEdWwArQvJs06d0WF4L+/JXI3sPd5nWdvMw2+bY/Q2BVUCSk5C9hMml7RmcgEpKkMOhZTPSHW3sN9eV4sFuA==][ZZCsAyjSGr6fJwQZyvNe9mdbYz1mg8d0M8vIq5GvnmJ/bQAIO4fxcy9aQNLv35c9D1o7Gl0WbviSrNJdGG3qvQ==][nk6o/sebY1/3p7MmGIlwn2n2+P6mVn6i4mVU2ZA0+IJGjXFoFSQKfNYzpnKphMD493zKAnKSFOcNo5b1ybv1lg==][VbcO9Ua4r216AMiyHBRvlfI1cg5XWgbB7BGp0wnmP04EL/od1C22mumBG+iV2OLhmdV4h8SWI31sIblFfuBzng==][hQBU7HcxHhJQtK+i5tdbqGjUMMo/v1u/CpO2KorcL6UCtBtx8tkJW869dar2jhZ52N3qlLSuOyEadoZe4jJozQ==][QuLW/+WvpO0ccafi01+Irj33N5B+6GhiWbPKe/jqMXYU5PSejcDtcu7YLINo9BTCy7vTnmc2QcXDbd8FHlTACQ==][QU93ICuNDpmo+JABPVXXEotyCpEPOdzTyyCg+MFbbw37Gld0IXBhHT6+TAXwFCQamB/4n4ik8IZRmgkSsECDRA==][E6pOD7ah4Oc5CJwaD3OywUUOLxciOz7zrS77+jbd7VMEEfHO2kmLZA0cXgWZPmyxCbmpK3xmTSpAD8Y0+dqhjQ==]}
{"logTime": "0416/061424", "correlationVector":"pzkMPwd3KnwfIVY1G/5eBE.2","action":"EncryptionKeysManager::SetEncryptionKeysWithTimestamps:", "result":"Success", "context":Key timestamps[10]:[2020-09-23T16:20:25Z][2021-02-03T09:42:16Z][2021-06-30T08:17:53Z][2021-12-29T11:55:58Z][2022-08-30T08:28:22Z][2023-02-28T06:14:01Z][2023-08-27T14:29:32Z][2024-02-29T15:23:21Z][2024-08-30T16:58:01Z][2025-03-04T06:43:45Z]}
{"logTime": "0416/061424", "correlationVector":"3vs/s75vTzRy6V54I8Y+FW","action":"Initial GetUpdates", "result":"", "context":Reason: NEW_CLIENT. cV=3vs/s75vTzRy6V54I8Y+FW}
{"logTime": "0416/061424", "correlationVector":"3vs/s75vTzRy6V54I8Y+FW.3","action":"GetUpdates Response", "result":"Success", "context":Received 1 update(s). cV=3vs/s75vTzRy6V54I8Y+FW.0;server=akswtt00600000g;cloudType=Consumer;environment=Prod_germanywestcentral_prod-s01-011-eur-germanywestcentral;migrationStage=NotStarted}
{"logTime": "0416/061424", "correlationVector":"fFYog4++9Kz/Sg+wm1qHkd","action":"Initial GetUpdates", "result":"", "context":Reason: NEWLY_SUPPORTED_DATATYPE. cV=fFYog4++9Kz/Sg+wm1qHkd}
{"logTime": "0416/061424", "correlationVector":"fFYog4++9Kz/Sg+wm1qHkd.1","action":"SyncServerConnectionManagerRequest", "result":"SYNC_SERVER_OK", "context":{"environment":"Prod_germanywestcentral_prod-s01-010-eur-germanywestcentral", "migrationStage":"NotStarted", "server":"akswtt00600002m"}}
{"logTime": "0416/061424", "correlationVector":"fFYog4++9Kz/Sg+wm1qHkd.2","action":"ProcessGetUpdates", "result":"Done", "context":{"dataType":"Passwords", "deleted":"0", "process_failed_to_decrypt":"0", "process_pending_decryption":"0", "process_success":"7", "total":"7"}}
{"logTime": "0416/061424", "correlationVector":"fFYog4++9Kz/Sg+wm1qHkd.3","action":"GetUpdates Response", "result":"Success", "context":Received 7 update(s). cV=fFYog4++9Kz/Sg+wm1qHkd.0;server=akswtt00600002m;cloudType=Consumer;environment=Prod_germanywestcentral_prod-s01-010-eur-germanywestcentral;migrationStage=NotStarted}
{"logTime": "0416/061424", "correlationVector":"O5KQgjIX6V62Rf+nh9Tfov","action":"Normal GetUpdate request", "result":"", "context":cV=O5KQgjIX6V62Rf+nh9Tfov
Nudged types: Sessions, Device Info, History
Refresh requested types: Bookmarks, Preferences, Passwords, Autofill Profiles, Autofill, Extensions, Sessions, Extension settings, History Delete Directives, Device Info, User Consents, Send Tab To Self, Web Apps, History, Saved Tab Group, Collection, Edge E Drop, Edge Hub App Usage, Edge Tab Group, Edge Wallet, Encryption Keys}
{"logTime": "0416/061424", "correlationVector":"O5KQgjIX6V62Rf+nh9Tfov.1","action":"SyncServerConnectionManagerRequest", "result":"SYNC_SERVER_OK", "context":{"environment":"Prod_germanywestcentral_prod-s01-010-eur-germanywestcentral", "migrationStage":"NotStarted", "server":"akswtt006000027"}}
{"logTime": "0416/061424", "correlationVector":"O5KQgjIX6V62Rf+nh9Tfov.2","action":"ProcessGetUpdates", "result":"Done", "context":{"dataType":"Preferences", "deleted":"0", "process_failed_to_decrypt":"0", "process_pending_decryption":"0", "process_success":"1", "total":"1"}}
{"logTime": "0416/061424", "correlationVector":"O5KQgjIX6V62Rf+nh9Tfov.3","action":"ProcessGetUpdates", "result":"Done", "context":{"dataType":"Sessions", "deleted":"1", "process_failed_to_decrypt":"0", "process_pending_decryption":"0", "process_success":"5", "total":"5"}}
{"logTime": "0416/061424", "correlationVector":"O5KQgjIX6V62Rf+nh9Tfov.4","action":"ProcessGetUpdates", "result":"Done", "context":{"dataType":"Device Info", "deleted":"0", "process_failed_to_decrypt":"0", "process_pending_decryption":"0", "process_success":"2", "total":"2"}}
{"logTime": "0416/061424", "correlationVector":"O5KQgjIX6V62Rf+nh9Tfov.5","action":"ProcessGetUpdates", "result":"Done", "context":{"dataType":"History", "deleted":"0", "process_failed_to_decrypt":"0", "process_pending_decryption":"0", "process_success":"3", "total":"3"}}
{"logTime": "0416/061424", "correlationVector":"O5KQgjIX6V62Rf+nh9Tfov.6","action":"GetUpdates Response", "result":"Success", "context":Received 11 update(s). cV=O5KQgjIX6V62Rf+nh9Tfov.0;server=akswtt006000027;cloudType=Consumer;environment=Prod_germanywestcentral_prod-s01-010-eur-germanywestcentral;migrationStage=NotStarted}
{"logTime": "0416/061425", "correlationVector":"LCUMbbfbgy5qcGhUyWkvry","action":"Commit Request", "result":"", "context":Item count: 5
Contributing types: Sessions, Device Info, History}
{"logTime": "0416/061426", "correlationVector":"LCUMbbfbgy5qcGhUyWkvry.1","action":"SyncServerConnectionManagerRequest", "result":"SYNC_SERVER_OK", "context":{"environment":"Prod_germanywestcentral_prod-s01-010-eur-germanywestcentral", "migrationStage":"NotStarted", "server":"akswtt00600000k"}}
{"logTime": "0416/061426", "correlationVector":"LCUMbbfbgy5qcGhUyWkvry.2","action":"Commit Response", "result":"Success", "context":Result: Success. cV=LCUMbbfbgy5qcGhUyWkvry.0;server=akswtt00600000k;cloudType=Consumer;environment=Prod_germanywestcentral_prod-s01-010-eur-germanywestcentral;migrationStage=NotStarted}
{"logTime": "0416/061428", "correlationVector":"UuNPjTjjKH8C5ljyD820e6","action":"Commit Request", "result":"", "context":Item count: 3
Contributing types: Preferences, Sessions, History}
{"logTime": "0416/061428", "correlationVector":"UuNPjTjjKH8C5ljyD820e6.1","action":"SyncServerConnectionManagerRequest", "result":"SYNC_SERVER_OK", "context":{"environment":"Prod_germanywestcentral_prod-s01-010-eur-germanywestcentral", "migrationStage":"NotStarted", "server":"akswtt00600001l"}}
{"logTime": "0416/061428", "correlationVector":"UuNPjTjjKH8C5ljyD820e6.2","action":"Commit Response", "result":"Success", "context":Result: Success. cV=UuNPjTjjKH8C5ljyD820e6.0;server=akswtt00600001l;cloudType=Consumer;environment=Prod_germanywestcentral_prod-s01-010-eur-germanywestcentral;migrationStage=NotStarted}
{"logTime": "0416/062250", "correlationVector":"PMAIn1Ccp3CHOS6a1mrfiJ.1","action":"SyncServerConnectionManagerRequest", "result":"SYNC_SERVER_OK", "context":{"environment":"Prod_germanywestcentral_prod-s01-010-eur-germanywestcentral", "migrationStage":"NotStarted", "server":"akswtt00600002m"}}
{"logTime": "0416/062250", "correlationVector":"PMAIn1Ccp3CHOS6a1mrfiJ.2","action":"ProcessGetUpdates", "result":"Done", "context":{"dataType":"Encryption Keys", "deleted":"0", "process_failed_to_decrypt":"0", "process_pending_decryption":"0", "process_success":"1", "total":"1"}}
{"logTime": "0416/062252", "correlationVector":"bQCx/XuzSi6rVfq/LTl/rs","action":"SyncServerConnectionManagerRequest", "result":"SYNC_SERVER_OK", "context":{"environment":"", "migrationStage":"", "server":""}}
{"logTime": "0416/062252", "correlationVector":"bQCx/XuzSi6rVfq/LTl/rs.0","action":"EncryptionKeysFetcher.DownloadKeys:", "result":"Success", "context":Key count: 10, Last key timestamp: 2025-03-04T06:43:45Z}
{"logTime": "0416/062252", "correlationVector":"bQCx/XuzSi6rVfq/LTl/rs.1","action":"EncryptionKeysManager::SetEncryptionKeys:", "result":"Success", "context":Key names[10]:[t0CkiDXiUzzrniOfTfCtLg3ndpKdVCWgIPJjnKfwwWR1zrx3kXVmNa8kaxozm3nbQHE7GSbpKwHZb677WxZ8XQ==][5JfaMxOOqchxblSksw7pKFk/HcDFALXuzdpoDfzWW0xoaj469ZlHhGDAIi5zpmtQTbY9uPi74IrvI3wo157Krw==][JZOEdWwArQvJs06d0WF4L+/JXI3sPd5nWdvMw2+bY/Q2BVUCSk5C9hMml7RmcgEpKkMOhZTPSHW3sN9eV4sFuA==][ZZCsAyjSGr6fJwQZyvNe9mdbYz1mg8d0M8vIq5GvnmJ/bQAIO4fxcy9aQNLv35c9D1o7Gl0WbviSrNJdGG3qvQ==][nk6o/sebY1/3p7MmGIlwn2n2+P6mVn6i4mVU2ZA0+IJGjXFoFSQKfNYzpnKphMD493zKAnKSFOcNo5b1ybv1lg==][VbcO9Ua4r216AMiyHBRvlfI1cg5XWgbB7BGp0wnmP04EL/od1C22mumBG+iV2OLhmdV4h8SWI31sIblFfuBzng==][hQBU7HcxHhJQtK+i5tdbqGjUMMo/v1u/CpO2KorcL6UCtBtx8tkJW869dar2jhZ52N3qlLSuOyEadoZe4jJozQ==][QuLW/+WvpO0ccafi01+Irj33N5B+6GhiWbPKe/jqMXYU5PSejcDtcu7YLINo9BTCy7vTnmc2QcXDbd8FHlTACQ==][QU93ICuNDpmo+JABPVXXEotyCpEPOdzTyyCg+MFbbw37Gld0IXBhHT6+TAXwFCQamB/4n4ik8IZRmgkSsECDRA==][E6pOD7ah4Oc5CJwaD3OywUUOLxciOz7zrS77+jbd7VMEEfHO2kmLZA0cXgWZPmyxCbmpK3xmTSpAD8Y0+dqhjQ==]}
{"logTime": "0416/062252", "correlationVector":"bQCx/XuzSi6rVfq/LTl/rs.2","action":"EncryptionKeysManager::SetEncryptionKeysWithTimestamps:", "result":"Success", "context":Key timestamps[10]:[2020-09-23T16:20:25Z][2021-02-03T09:42:16Z][2021-06-30T08:17:53Z][2021-12-29T11:55:58Z][2022-08-30T08:28:22Z][2023-02-28T06:14:01Z][2023-08-27T14:29:32Z][2024-02-29T15:23:21Z][2024-08-30T16:58:01Z][2025-03-04T06:43:45Z]}
{"logTime": "0416/062252", "correlationVector":"PMAIn1Ccp3CHOS6a1mrfiJ","action":"Initial GetUpdates", "result":"", "context":Reason: NEW_CLIENT. cV=PMAIn1Ccp3CHOS6a1mrfiJ}
{"logTime": "0416/062252", "correlationVector":"PMAIn1Ccp3CHOS6a1mrfiJ.3","action":"GetUpdates Response", "result":"Success", "context":Received 1 update(s). cV=PMAIn1Ccp3CHOS6a1mrfiJ.0;server=akswtt00600002m;cloudType=Consumer;environment=Prod_germanywestcentral_prod-s01-010-eur-germanywestcentral;migrationStage=NotStarted}
{"logTime": "0416/062252", "correlationVector":"gDTwFxRRsg660nDJd/4hhP","action":"Initial GetUpdates", "result":"", "context":Reason: NEWLY_SUPPORTED_DATATYPE. cV=gDTwFxRRsg660nDJd/4hhP}
{"logTime": "0416/062253", "correlationVector":"gDTwFxRRsg660nDJd/4hhP.1","action":"SyncServerConnectionManagerRequest", "result":"SYNC_SERVER_OK", "context":{"environment":"Prod_germanywestcentral_prod-s01-010-eur-germanywestcentral", "migrationStage":"NotStarted", "server":"akswtt006000007"}}
{"logTime": "0416/062253", "correlationVector":"gDTwFxRRsg660nDJd/4hhP.2","action":"ProcessGetUpdates", "result":"Done", "context":{"dataType":"Passwords", "deleted":"0", "process_failed_to_decrypt":"0", "process_pending_decryption":"0", "process_success":"7", "total":"7"}}
{"logTime": "0416/062253", "correlationVector":"gDTwFxRRsg660nDJd/4hhP.3","action":"GetUpdates Response", "result":"Success", "context":Received 7 update(s). cV=gDTwFxRRsg660nDJd/4hhP.0;server=akswtt006000007;cloudType=Consumer;environment=Prod_germanywestcentral_prod-s01-010-eur-germanywestcentral;migrationStage=NotStarted}
{"logTime": "0416/062253", "correlationVector":"lBNej80hDvwURC/db82yW3","action":"Normal GetUpdate request", "result":"", "context":cV=lBNej80hDvwURC/db82yW3
Nudged types: Sessions, Device Info, History
Refresh requested types: Bookmarks, Preferences, Passwords, Autofill Profiles, Autofill, Extensions, Sessions, Extension settings, History Delete Directives, Device Info, User Consents, Send Tab To Self, Web Apps, History, Saved Tab Group, Collection, Edge E Drop, Edge Hub App Usage, Edge Tab Group, Edge Wallet, Encryption Keys}
{"logTime": "0416/062253", "correlationVector":"lBNej80hDvwURC/db82yW3.1","action":"SyncServerConnectionManagerRequest", "result":"SYNC_SERVER_OK", "context":{"environment":"Prod_germanywestcentral_prod-s01-010-eur-germanywestcentral", "migrationStage":"NotStarted", "server":"akswtt006000000"}}
{"logTime": "0416/062253", "correlationVector":"lBNej80hDvwURC/db82yW3.2","action":"ProcessGetUpdates", "result":"Done", "context":{"dataType":"Preferences", "deleted":"0", "process_failed_to_decrypt":"0", "process_pending_decryption":"0", "process_success":"1", "total":"1"}}
{"logTime": "0416/062253", "correlationVector":"lBNej80hDvwURC/db82yW3.3","action":"ProcessGetUpdates", "result":"Done", "context":{"dataType":"Sessions", "deleted":"0", "process_failed_to_decrypt":"0", "process_pending_decryption":"0", "process_success":"2", "total":"2"}}
{"logTime": "0416/062253", "correlationVector":"lBNej80hDvwURC/db82yW3.4","action":"ProcessGetUpdates", "result":"Done", "context":{"dataType":"Device Info", "deleted":"0", "process_failed_to_decrypt":"0", "process_pending_decryption":"0", "process_success":"1", "total":"1"}}
{"logTime": "0416/062253", "correlationVector":"lBNej80hDvwURC/db82yW3.5","action":"ProcessGetUpdates", "result":"Done", "context":{"dataType":"History", "deleted":"0", "process_failed_to_decrypt":"0", "process_pending_decryption":"0", "process_success":"2", "total":"2"}}
{"logTime": "0416/062253", "correlationVector":"lBNej80hDvwURC/db82yW3.6","action":"GetUpdates Response", "result":"Success", "context":Received 6 update(s). cV=lBNej80hDvwURC/db82yW3.0;server=akswtt006000000;cloudType=Consumer;environment=Prod_germanywestcentral_prod-s01-010-eur-germanywestcentral;migrationStage=NotStarted}
{"logTime": "0416/062253", "correlationVector":"M+SJL2UUPDad8dVMtPZkkB","action":"Commit Request", "result":"", "context":Item count: 5
Contributing types: Sessions, Device Info, History}
{"logTime": "0416/062254", "correlationVector":"M+SJL2UUPDad8dVMtPZkkB.1","action":"SyncServerConnectionManagerRequest", "result":"SYNC_SERVER_OK", "context":{"environment":"Prod_germanywestcentral_prod-s01-010-eur-germanywestcentral", "migrationStage":"NotStarted", "server":"akswtt00600001g"}}
{"logTime": "0416/062254", "correlationVector":"M+SJL2UUPDad8dVMtPZkkB.3","action":"Commit.Sessions", "result":"Success", "context":{"id":"e459503e-fd8a-4852-813c-b06524fc3449", "isDeleted":"true", "size":"0", "version":"1744784068457"}}
{"logTime": "0416/062254", "correlationVector":"M+SJL2UUPDad8dVMtPZkkB.2","action":"Commit Response", "result":"Success", "context":Result: Success. cV=M+SJL2UUPDad8dVMtPZkkB.0;server=akswtt00600001g;cloudType=Consumer;environment=Prod_germanywestcentral_prod-s01-010-eur-germanywestcentral;migrationStage=NotStarted}
{"logTime": "0416/062257", "correlationVector":"w6Y0Gg6ldREqrxBAM91C7B","action":"Commit Request", "result":"", "context":Item count: 3
Contributing types: Preferences, Sessions, History}
{"logTime": "0416/062257", "correlationVector":"w6Y0Gg6ldREqrxBAM91C7B.1","action":"SyncServerConnectionManagerRequest", "result":"SYNC_SERVER_OK", "context":{"environment":"Prod_germanywestcentral_prod-s01-010-eur-germanywestcentral", "migrationStage":"NotStarted", "server":"akswtt006000017"}}
{"logTime": "0416/062257", "correlationVector":"w6Y0Gg6ldREqrxBAM91C7B.2","action":"Commit Response", "result":"Success", "context":Result: Success. cV=w6Y0Gg6ldREqrxBAM91C7B.0;server=akswtt006000017;cloudType=Consumer;environment=Prod_germanywestcentral_prod-s01-010-eur-germanywestcentral;migrationStage=NotStarted}
