2025-04-16 04:39:49.553: [INFO][Sync] Reset engine, reason: 8
2025-04-16 04:39:49.553: [INFO][Sync] Stopped: Bookmarks
2025-04-16 04:39:49.553: [INFO][Sync] Stopped: Preferences
2025-04-16 04:39:49.553: [INFO][Sync] Stopped: Passwords
2025-04-16 04:39:49.553: [INFO][Sync] Stopped: Autofill Profiles
2025-04-16 04:39:49.553: [INFO][Sync] Stopped: Autofill
2025-04-16 04:39:49.553: [INFO][Sync] Stopped: Extensions
2025-04-16 04:39:49.553: [INFO][Sync] Stopped: Sessions
2025-04-16 04:39:49.553: [INFO][Sync] Stopped: Extension settings
2025-04-16 04:39:49.553: [INFO][Sync] Stopped: History Delete Directives
2025-04-16 04:39:49.553: [INFO][Sync] Stopped: Device Info
2025-04-16 04:39:49.553: [INFO][Sync] Stopped: User Consents
2025-04-16 04:39:49.553: [INFO][Sync] Stopped: Send Tab To Self
2025-04-16 04:39:49.553: [INFO][Sync] Stopped: Web Apps
2025-04-16 04:39:49.553: [INFO][Sync] Stopped: History
2025-04-16 04:39:49.553: [INFO][Sync] Stopped: Saved Tab Group
2025-04-16 04:39:49.553: [INFO][Sync] Stopped: Collection
2025-04-16 04:39:49.553: [INFO][Sync] Stopped: Edge E Drop
2025-04-16 04:39:49.553: [INFO][Sync] Stopped: Edge Hub App Usage
2025-04-16 04:39:49.553: [INFO][Sync] Stopped: Edge Tab Group
2025-04-16 04:39:49.553: [INFO][Sync] Stopped: Edge Wallet
2025-04-16 04:39:49.553: [INFO][Sync] SyncState after authenticated was: NotSignedIn
2025-04-16 04:39:49.882: [INFO][Sync] Reset engine, reason: 8
2025-04-16 04:39:49.882: [INFO][Sync] Stopped: Bookmarks
2025-04-16 04:39:49.882: [INFO][Sync] Stopped: Preferences
2025-04-16 04:39:49.882: [INFO][Sync] Stopped: Passwords
2025-04-16 04:39:49.882: [INFO][Sync] Stopped: Autofill Profiles
2025-04-16 04:39:49.882: [INFO][Sync] Stopped: Autofill
2025-04-16 04:39:49.882: [INFO][Sync] Stopped: Extensions
2025-04-16 04:39:49.882: [INFO][Sync] Stopped: Sessions
2025-04-16 04:39:49.882: [INFO][Sync] Stopped: Extension settings
2025-04-16 04:39:49.882: [INFO][Sync] Stopped: History Delete Directives
2025-04-16 04:39:49.882: [INFO][Sync] Stopped: Device Info
2025-04-16 04:39:49.882: [INFO][Sync] Stopped: User Consents
2025-04-16 04:39:49.882: [INFO][Sync] Stopped: Send Tab To Self
2025-04-16 04:39:49.882: [INFO][Sync] Stopped: Web Apps
2025-04-16 04:39:49.882: [INFO][Sync] Stopped: History
2025-04-16 04:39:49.882: [INFO][Sync] Stopped: Saved Tab Group
2025-04-16 04:39:49.882: [INFO][Sync] Stopped: Collection
2025-04-16 04:39:49.882: [INFO][Sync] Stopped: Edge E Drop
2025-04-16 04:39:49.882: [INFO][Sync] Stopped: Edge Hub App Usage
2025-04-16 04:39:49.882: [INFO][Sync] Stopped: Edge Tab Group
2025-04-16 04:39:49.882: [INFO][Sync] Stopped: Edge Wallet
2025-04-16 04:39:50.029: [INFO][Sync] Try to start sync engine
2025-04-16 04:39:50.030: [INFO][SyncManagerImpl::NudgeForInitialDownload] Initial download nudge for Encryption Keys
2025-04-16 04:39:50.030: [INFO][SyncEngineBackend::LoadAndConnectNigoriController] Load and connect Nigori controller
2025-04-16 04:39:50.030: [INFO][SyncEngineBackend::DoInitialize] Control Types added: Encryption Keys
2025-04-16 04:39:50.030: [INFO][SyncManagerImpl::ConfigureSyncer] Types to download: Encryption Keys with reason: 3
2025-04-16 04:39:50.030: [INFO][SyncSchedulerImpl::DoConfigurationSyncCycleJob] Configure job was blocked
2025-04-16 04:39:50.216: [INFO][SyncAuthManager::SetLastAuthError] Current auth error: None
2025-04-16 04:39:50.217: [INFO][SyncAuthManager::EdgeLogTokenErrorState] Token error with: None for account type: MSA
2025-04-16 04:39:50.217: [INFO][Sync] Credentials changed for: EdgeSyncScopeNew
2025-04-16 04:39:50.854: [INFO][SyncAuthManager::SetLastAuthError] Current auth error: None
2025-04-16 04:39:50.854: [INFO][SyncAuthManager::EdgeLogTokenErrorState] Token error with: None for account type: MSA
2025-04-16 04:39:50.854: [INFO][Sync] Credentials changed for: EdgeSyncKeyDataScope
2025-04-16 04:39:50.854: [INFO][SyncEngineBackend::DoUpdateKeyDataCredentials] Update key data credentials
2025-04-16 04:39:50.854: [INFO][SyncEngineBackend::DoUpdateCredentials] Update credentials
2025-04-16 04:39:50.854: [INFO][SyncSchedulerImpl::DoConfigurationSyncCycleJob] Blocked types:  and types to download: Encryption Keys
2025-04-16 04:39:51.483: [INFO][Sync] Started DataTypeManager configuration, reason: 4
2025-04-16 04:39:51.483: [INFO][Sync] Configuring for: Bookmarks, Preferences, Passwords, Autofill Profiles, Autofill, Extensions, Sessions, Extension settings, History Delete Directives, Device Info, User Consents, Send Tab To Self, Web Apps, History, Saved Tab Group, Collection, Edge E Drop, Edge Hub App Usage, Edge Tab Group, Edge Wallet, Encryption Keys, reason: 3, current state: 0
2025-04-16 04:39:51.483: [WARN][Sync] Crypto error data types: Passwords, Autofill Profiles, Autofill
2025-04-16 04:39:51.483: [INFO][Sync] Configure, desired: Bookmarks, Preferences, Extensions, Sessions, Extension settings, History Delete Directives, Device Info, User Consents, Send Tab To Self, Web Apps, History, Saved Tab Group, Collection, Edge E Drop, Edge Hub App Usage, Edge Tab Group, Edge Wallet, Encryption Keys; Allow fail: Passwords, Autofill Profiles, Autofill
2025-04-16 04:39:51.483: [INFO][Sync] Loading: Bookmarks
2025-04-16 04:39:51.483: [INFO][Sync] Loading: Preferences
2025-04-16 04:39:51.483: [INFO][Sync] Loading: Extensions
2025-04-16 04:39:51.483: [INFO][Sync] Loading: Sessions
2025-04-16 04:39:51.483: [INFO][Sync] Loading: Extension settings
2025-04-16 04:39:51.483: [INFO][Sync] Loading: History Delete Directives
2025-04-16 04:39:51.483: [INFO][Sync] Loading: Device Info
2025-04-16 04:39:51.483: [INFO][Sync] Loading: User Consents
2025-04-16 04:39:51.483: [INFO][Sync] Loading: Send Tab To Self
2025-04-16 04:39:51.483: [INFO][Sync] Loading: Web Apps
2025-04-16 04:39:51.483: [INFO][Sync] Loading: History
2025-04-16 04:39:51.483: [INFO][Sync] Loading: Saved Tab Group
2025-04-16 04:39:51.483: [INFO][Sync] Loading: Collection
2025-04-16 04:39:51.483: [INFO][Sync] Loading: Edge E Drop
2025-04-16 04:39:51.483: [INFO][Sync] Loading: Edge Hub App Usage
2025-04-16 04:39:51.483: [INFO][Sync] Loading: Edge Tab Group
2025-04-16 04:39:51.483: [INFO][Sync] Loading: Edge Wallet
2025-04-16 04:39:51.485: [INFO][Sync] All data types are ready for configure.
2025-04-16 04:39:52.629: [INFO][Sync] Started DataTypeManager configuration, reason: 5
2025-04-16 04:39:52.629: [INFO][Sync] Configuring for: Bookmarks, Preferences, Passwords, Autofill Profiles, Autofill, Extensions, Sessions, Extension settings, History Delete Directives, Device Info, User Consents, Send Tab To Self, Web Apps, History, Saved Tab Group, Collection, Edge E Drop, Edge Hub App Usage, Edge Tab Group, Edge Wallet, Encryption Keys, reason: 5, current state: 1
2025-04-16 04:39:52.638: [INFO][SyncEngineBackend::DoStartConfiguration] Start configuration
2025-04-16 04:39:52.638: [INFO][SyncManagerImpl::NudgeForInitialDownload] Initial download nudge for Bookmarks
2025-04-16 04:39:52.638: [INFO][SyncManagerImpl::NudgeForInitialDownload] Initial download nudge for Preferences
2025-04-16 04:39:52.638: [INFO][SyncManagerImpl::NudgeForInitialDownload] Initial download nudge for Extensions
2025-04-16 04:39:52.638: [INFO][SyncManagerImpl::NudgeForInitialDownload] Initial download nudge for Sessions
2025-04-16 04:39:52.638: [INFO][SyncManagerImpl::NudgeForInitialDownload] Initial download nudge for Extension settings
2025-04-16 04:39:52.638: [INFO][SyncManagerImpl::NudgeForInitialDownload] Initial download nudge for History Delete Directives
2025-04-16 04:39:52.638: [INFO][SyncManagerImpl::NudgeForInitialDownload] Initial download nudge for Device Info
2025-04-16 04:39:52.638: [INFO][SyncManagerImpl::NudgeForInitialDownload] Initial download nudge for Send Tab To Self
2025-04-16 04:39:52.638: [INFO][SyncManagerImpl::NudgeForInitialDownload] Initial download nudge for Web Apps
2025-04-16 04:39:52.638: [INFO][SyncManagerImpl::NudgeForInitialDownload] Initial download nudge for History
2025-04-16 04:39:52.638: [INFO][SyncManagerImpl::NudgeForInitialDownload] Initial download nudge for Saved Tab Group
2025-04-16 04:39:52.638: [INFO][SyncManagerImpl::NudgeForInitialDownload] Initial download nudge for Collection
2025-04-16 04:39:52.638: [INFO][SyncManagerImpl::NudgeForInitialDownload] Initial download nudge for Edge E Drop
2025-04-16 04:39:52.638: [INFO][SyncManagerImpl::NudgeForInitialDownload] Initial download nudge for Edge Hub App Usage
2025-04-16 04:39:52.638: [INFO][SyncManagerImpl::NudgeForInitialDownload] Initial download nudge for Edge Tab Group
2025-04-16 04:39:52.638: [INFO][SyncManagerImpl::NudgeForInitialDownload] Initial download nudge for Edge Wallet
2025-04-16 04:39:52.638: [INFO][SyncManagerImpl::ConfigureSyncer] Types to download:  with reason: 3
2025-04-16 04:39:52.638: [INFO][SyncEngineBackend::DoFinishConfigureDataTypes] Failed to download types:  and succeeded types: 
2025-04-16 04:39:52.642: [INFO][Sync] ConfigurationDone, failed: , succeeded: , remaining count: 4
2025-04-16 04:39:52.642: [WARN][Sync]     Reconfigure requested while configuration ongoing.
2025-04-16 04:39:52.642: [INFO][Sync] Configuring for: Bookmarks, Preferences, Passwords, Autofill Profiles, Autofill, Extensions, Sessions, Extension settings, History Delete Directives, Device Info, User Consents, Send Tab To Self, Web Apps, History, Saved Tab Group, Collection, Edge E Drop, Edge Hub App Usage, Edge Tab Group, Edge Wallet, Encryption Keys, reason: 5, current state: 2
2025-04-16 04:39:52.642: [INFO][Sync] Configure, desired: Bookmarks, Preferences, Passwords, Autofill Profiles, Autofill, Extensions, Sessions, Extension settings, History Delete Directives, Device Info, User Consents, Send Tab To Self, Web Apps, History, Saved Tab Group, Collection, Edge E Drop, Edge Hub App Usage, Edge Tab Group, Edge Wallet, Encryption Keys; Allow fail: 
2025-04-16 04:39:52.642: [INFO][Sync] Loading: Passwords
2025-04-16 04:39:52.642: [INFO][Sync] Loading: Autofill Profiles
2025-04-16 04:39:52.642: [INFO][Sync] Loading: Autofill
2025-04-16 04:39:52.643: [INFO][Sync] All data types are ready for configure.
2025-04-16 04:39:52.643: [INFO][SyncManagerImpl::NudgeForInitialDownload] Initial download nudge for Passwords
2025-04-16 04:39:52.643: [INFO][SyncManagerImpl::NudgeForInitialDownload] Initial download nudge for Autofill Profiles
2025-04-16 04:39:52.643: [INFO][SyncManagerImpl::NudgeForInitialDownload] Initial download nudge for Autofill
2025-04-16 04:39:52.643: [INFO][SyncManagerImpl::ConfigureSyncer] Types to download:  with reason: 5
2025-04-16 04:39:52.643: [INFO][SyncEngineBackend::DoFinishConfigureDataTypes] Failed to download types:  and succeeded types: 
2025-04-16 04:39:52.643: [INFO][Sync] ConfigurationDone, failed: , succeeded: , remaining count: 4
2025-04-16 04:39:52.643: [INFO][Sync] Prepare to configure types: Preferences, Passwords, Device Info, Send Tab To Self, Edge E Drop, Encryption Keys
2025-04-16 04:39:52.644: [INFO][SyncManagerImpl::ConfigureSyncer] Types to download: Preferences, Passwords, Device Info, Send Tab To Self, Edge E Drop, Encryption Keys with reason: 5
2025-04-16 04:39:52.644: [INFO][SyncSchedulerImpl::DoConfigurationSyncCycleJob] Blocked types:  and types to download: Preferences, Passwords, Device Info, Send Tab To Self, Edge E Drop, Encryption Keys
2025-04-16 04:39:53.684: [INFO][SyncEngineBackend::DoFinishConfigureDataTypes] Failed to download types:  and succeeded types: Preferences, Passwords, Device Info, Send Tab To Self, Edge E Drop, Encryption Keys
2025-04-16 04:39:53.687: [INFO][Sync] ConfigurationDone, failed: , succeeded: Preferences, Passwords, Device Info, Send Tab To Self, Edge E Drop, Encryption Keys, remaining count: 3
2025-04-16 04:39:53.687: [INFO][Sync] Prepare to configure types: Bookmarks, Encryption Keys
2025-04-16 04:39:53.687: [INFO][SyncManagerImpl::ConfigureSyncer] Types to download: Bookmarks, Encryption Keys with reason: 5
2025-04-16 04:39:53.687: [INFO][SyncSchedulerImpl::DoConfigurationSyncCycleJob] Blocked types:  and types to download: Bookmarks, Encryption Keys
2025-04-16 04:39:53.980: [INFO][SyncEngineBackend::DoFinishConfigureDataTypes] Failed to download types:  and succeeded types: Bookmarks, Encryption Keys
2025-04-16 04:39:53.981: [INFO][Sync] ConfigurationDone, failed: , succeeded: Bookmarks, Encryption Keys, remaining count: 2
2025-04-16 04:39:53.981: [INFO][Sync] Prepare to configure types: Autofill Profiles, Autofill, Extensions, Sessions, Extension settings, History Delete Directives, Web Apps, Saved Tab Group, Collection, Edge Hub App Usage, Edge Tab Group, Edge Wallet, Encryption Keys
2025-04-16 04:39:53.981: [INFO][SyncManagerImpl::ConfigureSyncer] Types to download: Autofill Profiles, Autofill, Extensions, Sessions, Extension settings, History Delete Directives, Web Apps, Saved Tab Group, Collection, Edge Hub App Usage, Edge Tab Group, Edge Wallet, Encryption Keys with reason: 5
2025-04-16 04:39:53.981: [INFO][SyncSchedulerImpl::DoConfigurationSyncCycleJob] Blocked types:  and types to download: Autofill Profiles, Autofill, Extensions, Sessions, Extension settings, History Delete Directives, Web Apps, Saved Tab Group, Collection, Edge Hub App Usage, Edge Tab Group, Edge Wallet, Encryption Keys
2025-04-16 04:39:55.313: [INFO][SyncEngineBackend::DoFinishConfigureDataTypes] Failed to download types:  and succeeded types: Autofill Profiles, Autofill, Extensions, Sessions, Extension settings, History Delete Directives, Web Apps, Saved Tab Group, Collection, Edge Hub App Usage, Edge Tab Group, Edge Wallet, Encryption Keys
2025-04-16 04:39:55.314: [INFO][Sync] ConfigurationDone, failed: , succeeded: Autofill Profiles, Autofill, Extensions, Sessions, Extension settings, History Delete Directives, Web Apps, Saved Tab Group, Collection, Edge Hub App Usage, Edge Tab Group, Edge Wallet, Encryption Keys, remaining count: 1
2025-04-16 04:39:55.315: [INFO][Sync] Prepare to configure types: History, Encryption Keys
2025-04-16 04:39:55.315: [INFO][SyncManagerImpl::ConfigureSyncer] Types to download: History, Encryption Keys with reason: 5
2025-04-16 04:39:55.315: [INFO][SyncSchedulerImpl::DoConfigurationSyncCycleJob] Blocked types:  and types to download: History, Encryption Keys
2025-04-16 04:39:55.917: [INFO][SyncEngineBackend::DoFinishConfigureDataTypes] Failed to download types:  and succeeded types: History, Encryption Keys
2025-04-16 04:39:55.918: [INFO][Sync] ConfigurationDone, failed: , succeeded: History, Encryption Keys, remaining count: 0
2025-04-16 04:39:55.919: [INFO][Sync]     Configuration completed, state: 7
2025-04-16 04:39:55.919: [INFO][Sync] Configured DataTypeManager: Ok
2025-04-16 04:39:55.920: [INFO][SyncEngineBackend::DoStartSyncing] Start syncing
2025-04-16 04:40:57.906: [INFO][Sync] Reset engine, reason: 0
2025-04-16 04:40:57.906: [INFO][Sync] Reset engine with reason: 0
2025-04-16 04:42:38.097: [INFO][Sync] SyncState after authenticated was: FeatureCanStart
2025-04-16 04:42:38.543: [INFO][Sync] Try to start sync engine
2025-04-16 04:42:38.545: [INFO][SyncManagerImpl::NudgeForInitialDownload] Initial download nudge for Encryption Keys
2025-04-16 04:42:38.545: [INFO][SyncEngineBackend::LoadAndConnectNigoriController] Load and connect Nigori controller
2025-04-16 04:42:38.545: [INFO][SyncEngineBackend::DoInitialize] Control Types added: Encryption Keys
2025-04-16 04:42:38.545: [INFO][SyncManagerImpl::ConfigureSyncer] Types to download: Encryption Keys with reason: 3
2025-04-16 04:42:38.545: [INFO][SyncSchedulerImpl::DoConfigurationSyncCycleJob] Configure job was blocked
2025-04-16 04:42:38.605: [INFO][SyncAuthManager::SetLastAuthError] Current auth error: None
2025-04-16 04:42:38.605: [INFO][SyncAuthManager::EdgeLogTokenErrorState] Token error with: None for account type: MSA
2025-04-16 04:42:38.605: [INFO][Sync] Credentials changed for: EdgeSyncScopeNew
2025-04-16 04:42:39.722: [INFO][SyncAuthManager::SetLastAuthError] Current auth error: None
2025-04-16 04:42:39.722: [INFO][SyncAuthManager::EdgeLogTokenErrorState] Token error with: None for account type: MSA
2025-04-16 04:42:39.722: [INFO][Sync] Credentials changed for: EdgeSyncKeyDataScope
2025-04-16 04:42:39.722: [INFO][SyncEngineBackend::DoUpdateKeyDataCredentials] Update key data credentials
2025-04-16 04:42:39.723: [INFO][SyncEngineBackend::DoUpdateCredentials] Update credentials
2025-04-16 04:42:39.723: [INFO][SyncSchedulerImpl::DoConfigurationSyncCycleJob] Blocked types:  and types to download: Encryption Keys
2025-04-16 04:42:40.341: [INFO][Sync] Started DataTypeManager configuration, reason: 4
2025-04-16 04:42:40.341: [INFO][Sync] Configuring for: Bookmarks, Preferences, Passwords, Autofill Profiles, Autofill, Extensions, Sessions, Extension settings, History Delete Directives, Device Info, User Consents, Send Tab To Self, Web Apps, History, Saved Tab Group, Collection, Edge E Drop, Edge Hub App Usage, Edge Tab Group, Edge Wallet, Encryption Keys, reason: 4, current state: 0
2025-04-16 04:42:40.341: [WARN][Sync] Crypto error data types: Passwords, Autofill Profiles, Autofill
2025-04-16 04:42:40.341: [INFO][Sync] Configure, desired: Bookmarks, Preferences, Extensions, Sessions, Extension settings, History Delete Directives, Device Info, User Consents, Send Tab To Self, Web Apps, History, Saved Tab Group, Collection, Edge E Drop, Edge Hub App Usage, Edge Tab Group, Edge Wallet, Encryption Keys; Allow fail: Passwords, Autofill Profiles, Autofill
2025-04-16 04:42:40.341: [INFO][Sync] Loading: Bookmarks
2025-04-16 04:42:40.341: [INFO][Sync] Loading: Preferences
2025-04-16 04:42:40.341: [INFO][Sync] Loading: Extensions
2025-04-16 04:42:40.341: [INFO][Sync] Loading: Sessions
2025-04-16 04:42:40.341: [INFO][Sync] Loading: Extension settings
2025-04-16 04:42:40.341: [INFO][Sync] Loading: History Delete Directives
2025-04-16 04:42:40.342: [INFO][Sync] Loading: Device Info
2025-04-16 04:42:40.342: [INFO][Sync] Loading: User Consents
2025-04-16 04:42:40.342: [INFO][Sync] Loading: Send Tab To Self
2025-04-16 04:42:40.342: [INFO][Sync] Loading: Web Apps
2025-04-16 04:42:40.342: [INFO][Sync] Loading: History
2025-04-16 04:42:40.342: [INFO][Sync] Loading: Saved Tab Group
2025-04-16 04:42:40.342: [INFO][Sync] Loading: Collection
2025-04-16 04:42:40.342: [INFO][Sync] Loading: Edge E Drop
2025-04-16 04:42:40.342: [INFO][Sync] Loading: Edge Hub App Usage
2025-04-16 04:42:40.342: [INFO][Sync] Loading: Edge Tab Group
2025-04-16 04:42:40.342: [INFO][Sync] Loading: Edge Wallet
2025-04-16 04:42:40.348: [INFO][Sync] All data types are ready for configure.
2025-04-16 04:42:41.786: [INFO][Sync] Started DataTypeManager configuration, reason: 5
2025-04-16 04:42:41.786: [INFO][Sync] Configuring for: Bookmarks, Preferences, Passwords, Autofill Profiles, Autofill, Extensions, Sessions, Extension settings, History Delete Directives, Device Info, User Consents, Send Tab To Self, Web Apps, History, Saved Tab Group, Collection, Edge E Drop, Edge Hub App Usage, Edge Tab Group, Edge Wallet, Encryption Keys, reason: 5, current state: 1
2025-04-16 04:42:41.792: [INFO][SyncEngineBackend::DoStartConfiguration] Start configuration
2025-04-16 04:42:41.793: [INFO][SyncManagerImpl::ConfigureSyncer] Types to download:  with reason: 4
2025-04-16 04:42:41.793: [INFO][SyncEngineBackend::DoFinishConfigureDataTypes] Failed to download types:  and succeeded types: 
2025-04-16 04:42:41.793: [INFO][Sync] ConfigurationDone, failed: , succeeded: , remaining count: 4
2025-04-16 04:42:41.793: [WARN][Sync]     Reconfigure requested while configuration ongoing.
2025-04-16 04:42:41.793: [INFO][Sync] Configuring for: Bookmarks, Preferences, Passwords, Autofill Profiles, Autofill, Extensions, Sessions, Extension settings, History Delete Directives, Device Info, User Consents, Send Tab To Self, Web Apps, History, Saved Tab Group, Collection, Edge E Drop, Edge Hub App Usage, Edge Tab Group, Edge Wallet, Encryption Keys, reason: 5, current state: 2
2025-04-16 04:42:41.793: [INFO][Sync] Configure, desired: Bookmarks, Preferences, Passwords, Autofill Profiles, Autofill, Extensions, Sessions, Extension settings, History Delete Directives, Device Info, User Consents, Send Tab To Self, Web Apps, History, Saved Tab Group, Collection, Edge E Drop, Edge Hub App Usage, Edge Tab Group, Edge Wallet, Encryption Keys; Allow fail: 
2025-04-16 04:42:41.793: [INFO][Sync] Loading: Passwords
2025-04-16 04:42:41.793: [INFO][Sync] Loading: Autofill Profiles
2025-04-16 04:42:41.793: [INFO][Sync] Loading: Autofill
2025-04-16 04:42:41.793: [INFO][Sync] All data types are ready for configure.
2025-04-16 04:42:41.794: [INFO][SyncManagerImpl::NudgeForInitialDownload] Initial download nudge for Passwords
2025-04-16 04:42:41.794: [INFO][SyncManagerImpl::ConfigureSyncer] Types to download:  with reason: 5
2025-04-16 04:42:41.794: [INFO][SyncEngineBackend::DoFinishConfigureDataTypes] Failed to download types:  and succeeded types: 
2025-04-16 04:42:41.794: [INFO][Sync] ConfigurationDone, failed: , succeeded: , remaining count: 4
2025-04-16 04:42:41.794: [INFO][Sync] Prepare to configure types: Passwords, Encryption Keys
2025-04-16 04:42:41.794: [INFO][SyncManagerImpl::ConfigureSyncer] Types to download: Passwords, Encryption Keys with reason: 5
2025-04-16 04:42:41.794: [INFO][SyncSchedulerImpl::DoConfigurationSyncCycleJob] Blocked types:  and types to download: Passwords, Encryption Keys
2025-04-16 04:42:42.447: [INFO][SyncEngineBackend::DoFinishConfigureDataTypes] Failed to download types:  and succeeded types: Passwords, Encryption Keys
2025-04-16 04:42:42.448: [INFO][Sync] ConfigurationDone, failed: , succeeded: Passwords, Encryption Keys, remaining count: 3
2025-04-16 04:42:42.448: [INFO][SyncManagerImpl::ConfigureSyncer] Types to download:  with reason: 5
2025-04-16 04:42:42.448: [INFO][SyncEngineBackend::DoFinishConfigureDataTypes] Failed to download types:  and succeeded types: 
2025-04-16 04:42:42.448: [INFO][Sync] ConfigurationDone, failed: , succeeded: , remaining count: 2
2025-04-16 04:42:42.448: [INFO][SyncManagerImpl::ConfigureSyncer] Types to download:  with reason: 5
2025-04-16 04:42:42.448: [INFO][SyncEngineBackend::DoFinishConfigureDataTypes] Failed to download types:  and succeeded types: 
2025-04-16 04:42:42.450: [INFO][Sync] ConfigurationDone, failed: , succeeded: , remaining count: 1
2025-04-16 04:42:42.450: [INFO][SyncManagerImpl::ConfigureSyncer] Types to download:  with reason: 5
2025-04-16 04:42:42.450: [INFO][SyncEngineBackend::DoFinishConfigureDataTypes] Failed to download types:  and succeeded types: 
2025-04-16 04:42:42.451: [INFO][Sync] ConfigurationDone, failed: , succeeded: , remaining count: 0
2025-04-16 04:42:42.451: [INFO][Sync]     Configuration completed, state: 7
2025-04-16 04:42:42.452: [INFO][Sync] Configured DataTypeManager: Ok
2025-04-16 04:42:42.453: [INFO][SyncEngineBackend::DoStartSyncing] Start syncing
2025-04-16 05:34:16.248: [INFO][Sync] Reset engine, reason: 0
2025-04-16 05:34:16.248: [INFO][Sync] Reset engine with reason: 0
2025-04-16 05:34:43.248: [INFO][Sync] SyncState after authenticated was: FeatureCanStart
2025-04-16 05:34:43.691: [INFO][Sync] Try to start sync engine
2025-04-16 05:34:43.692: [INFO][SyncManagerImpl::NudgeForInitialDownload] Initial download nudge for Encryption Keys
2025-04-16 05:34:43.692: [INFO][SyncEngineBackend::LoadAndConnectNigoriController] Load and connect Nigori controller
2025-04-16 05:34:43.692: [INFO][SyncEngineBackend::DoInitialize] Control Types added: Encryption Keys
2025-04-16 05:34:43.692: [INFO][SyncManagerImpl::ConfigureSyncer] Types to download: Encryption Keys with reason: 3
2025-04-16 05:34:43.692: [INFO][SyncSchedulerImpl::DoConfigurationSyncCycleJob] Configure job was blocked
2025-04-16 05:34:43.737: [INFO][SyncAuthManager::SetLastAuthError] Current auth error: None
2025-04-16 05:34:43.737: [INFO][SyncAuthManager::EdgeLogTokenErrorState] Token error with: None for account type: MSA
2025-04-16 05:34:43.737: [INFO][Sync] Credentials changed for: EdgeSyncScopeNew
2025-04-16 05:34:45.283: [INFO][SyncAuthManager::SetLastAuthError] Current auth error: None
2025-04-16 05:34:45.283: [INFO][SyncAuthManager::EdgeLogTokenErrorState] Token error with: None for account type: MSA
2025-04-16 05:34:45.283: [INFO][Sync] Credentials changed for: EdgeSyncKeyDataScope
2025-04-16 05:34:45.283: [INFO][SyncEngineBackend::DoUpdateKeyDataCredentials] Update key data credentials
2025-04-16 05:34:45.283: [INFO][SyncEngineBackend::DoUpdateCredentials] Update credentials
2025-04-16 05:34:45.283: [INFO][SyncSchedulerImpl::DoConfigurationSyncCycleJob] Blocked types:  and types to download: Encryption Keys
2025-04-16 05:34:46.273: [INFO][Sync] Started DataTypeManager configuration, reason: 4
2025-04-16 05:34:46.273: [INFO][Sync] Configuring for: Bookmarks, Preferences, Passwords, Autofill Profiles, Autofill, Extensions, Sessions, Extension settings, History Delete Directives, Device Info, User Consents, Send Tab To Self, Web Apps, History, Saved Tab Group, Collection, Edge E Drop, Edge Hub App Usage, Edge Tab Group, Edge Wallet, Encryption Keys, reason: 4, current state: 0
2025-04-16 05:34:46.273: [WARN][Sync] Crypto error data types: Passwords, Autofill Profiles, Autofill
2025-04-16 05:34:46.274: [INFO][Sync] Configure, desired: Bookmarks, Preferences, Extensions, Sessions, Extension settings, History Delete Directives, Device Info, User Consents, Send Tab To Self, Web Apps, History, Saved Tab Group, Collection, Edge E Drop, Edge Hub App Usage, Edge Tab Group, Edge Wallet, Encryption Keys; Allow fail: Passwords, Autofill Profiles, Autofill
2025-04-16 05:34:46.274: [INFO][Sync] Loading: Bookmarks
2025-04-16 05:34:46.274: [INFO][Sync] Loading: Preferences
2025-04-16 05:34:46.274: [INFO][Sync] Loading: Extensions
2025-04-16 05:34:46.274: [INFO][Sync] Loading: Sessions
2025-04-16 05:34:46.274: [INFO][Sync] Loading: Extension settings
2025-04-16 05:34:46.274: [INFO][Sync] Loading: History Delete Directives
2025-04-16 05:34:46.274: [INFO][Sync] Loading: Device Info
2025-04-16 05:34:46.274: [INFO][Sync] Loading: User Consents
2025-04-16 05:34:46.274: [INFO][Sync] Loading: Send Tab To Self
2025-04-16 05:34:46.274: [INFO][Sync] Loading: Web Apps
2025-04-16 05:34:46.274: [INFO][Sync] Loading: History
2025-04-16 05:34:46.274: [INFO][Sync] Loading: Saved Tab Group
2025-04-16 05:34:46.274: [INFO][Sync] Loading: Collection
2025-04-16 05:34:46.274: [INFO][Sync] Loading: Edge E Drop
2025-04-16 05:34:46.274: [INFO][Sync] Loading: Edge Hub App Usage
2025-04-16 05:34:46.274: [INFO][Sync] Loading: Edge Tab Group
2025-04-16 05:34:46.274: [INFO][Sync] Loading: Edge Wallet
2025-04-16 05:34:46.277: [INFO][Sync] All data types are ready for configure.
2025-04-16 05:34:47.394: [INFO][Sync] Started DataTypeManager configuration, reason: 5
2025-04-16 05:34:47.394: [INFO][Sync] Configuring for: Bookmarks, Preferences, Passwords, Autofill Profiles, Autofill, Extensions, Sessions, Extension settings, History Delete Directives, Device Info, User Consents, Send Tab To Self, Web Apps, History, Saved Tab Group, Collection, Edge E Drop, Edge Hub App Usage, Edge Tab Group, Edge Wallet, Encryption Keys, reason: 5, current state: 1
2025-04-16 05:34:47.401: [INFO][SyncEngineBackend::DoStartConfiguration] Start configuration
2025-04-16 05:34:47.401: [INFO][SyncManagerImpl::ConfigureSyncer] Types to download:  with reason: 4
2025-04-16 05:34:47.401: [INFO][SyncEngineBackend::DoFinishConfigureDataTypes] Failed to download types:  and succeeded types: 
2025-04-16 05:34:47.401: [INFO][Sync] ConfigurationDone, failed: , succeeded: , remaining count: 4
2025-04-16 05:34:47.401: [WARN][Sync]     Reconfigure requested while configuration ongoing.
2025-04-16 05:34:47.401: [INFO][Sync] Configuring for: Bookmarks, Preferences, Passwords, Autofill Profiles, Autofill, Extensions, Sessions, Extension settings, History Delete Directives, Device Info, User Consents, Send Tab To Self, Web Apps, History, Saved Tab Group, Collection, Edge E Drop, Edge Hub App Usage, Edge Tab Group, Edge Wallet, Encryption Keys, reason: 5, current state: 2
2025-04-16 05:34:47.401: [INFO][Sync] Configure, desired: Bookmarks, Preferences, Passwords, Autofill Profiles, Autofill, Extensions, Sessions, Extension settings, History Delete Directives, Device Info, User Consents, Send Tab To Self, Web Apps, History, Saved Tab Group, Collection, Edge E Drop, Edge Hub App Usage, Edge Tab Group, Edge Wallet, Encryption Keys; Allow fail: 
2025-04-16 05:34:47.401: [INFO][Sync] Loading: Passwords
2025-04-16 05:34:47.401: [INFO][Sync] Loading: Autofill Profiles
2025-04-16 05:34:47.401: [INFO][Sync] Loading: Autofill
2025-04-16 05:34:47.402: [INFO][Sync] All data types are ready for configure.
2025-04-16 05:34:47.402: [INFO][SyncManagerImpl::NudgeForInitialDownload] Initial download nudge for Passwords
2025-04-16 05:34:47.402: [INFO][SyncManagerImpl::ConfigureSyncer] Types to download:  with reason: 5
2025-04-16 05:34:47.402: [INFO][SyncEngineBackend::DoFinishConfigureDataTypes] Failed to download types:  and succeeded types: 
2025-04-16 05:34:47.402: [INFO][Sync] ConfigurationDone, failed: , succeeded: , remaining count: 4
2025-04-16 05:34:47.402: [INFO][Sync] Prepare to configure types: Passwords, Encryption Keys
2025-04-16 05:34:47.402: [INFO][SyncManagerImpl::ConfigureSyncer] Types to download: Passwords, Encryption Keys with reason: 5
2025-04-16 05:34:47.402: [INFO][SyncSchedulerImpl::DoConfigurationSyncCycleJob] Blocked types:  and types to download: Passwords, Encryption Keys
2025-04-16 05:34:48.033: [INFO][SyncEngineBackend::DoFinishConfigureDataTypes] Failed to download types:  and succeeded types: Passwords, Encryption Keys
2025-04-16 05:34:48.033: [INFO][Sync] ConfigurationDone, failed: , succeeded: Passwords, Encryption Keys, remaining count: 3
2025-04-16 05:34:48.033: [INFO][SyncManagerImpl::ConfigureSyncer] Types to download:  with reason: 5
2025-04-16 05:34:48.033: [INFO][SyncEngineBackend::DoFinishConfigureDataTypes] Failed to download types:  and succeeded types: 
2025-04-16 05:34:48.033: [INFO][Sync] ConfigurationDone, failed: , succeeded: , remaining count: 2
2025-04-16 05:34:48.033: [INFO][SyncManagerImpl::ConfigureSyncer] Types to download:  with reason: 5
2025-04-16 05:34:48.034: [INFO][SyncEngineBackend::DoFinishConfigureDataTypes] Failed to download types:  and succeeded types: 
2025-04-16 05:34:48.034: [INFO][Sync] ConfigurationDone, failed: , succeeded: , remaining count: 1
2025-04-16 05:34:48.034: [INFO][SyncManagerImpl::ConfigureSyncer] Types to download:  with reason: 5
2025-04-16 05:34:48.034: [INFO][SyncEngineBackend::DoFinishConfigureDataTypes] Failed to download types:  and succeeded types: 
2025-04-16 05:34:48.034: [INFO][Sync] ConfigurationDone, failed: , succeeded: , remaining count: 0
2025-04-16 05:34:48.035: [INFO][Sync]     Configuration completed, state: 7
2025-04-16 05:34:48.035: [INFO][Sync] Configured DataTypeManager: Ok
2025-04-16 05:34:48.036: [INFO][SyncEngineBackend::DoStartSyncing] Start syncing
2025-04-16 05:54:47.104: [INFO][Sync] Reset engine, reason: 0
2025-04-16 05:54:47.104: [INFO][Sync] Reset engine with reason: 0
2025-04-16 06:14:20.525: [INFO][Sync] SyncState after authenticated was: FeatureCanStart
2025-04-16 06:14:20.960: [INFO][Sync] Try to start sync engine
2025-04-16 06:14:20.961: [INFO][SyncManagerImpl::NudgeForInitialDownload] Initial download nudge for Encryption Keys
2025-04-16 06:14:20.961: [INFO][SyncEngineBackend::LoadAndConnectNigoriController] Load and connect Nigori controller
2025-04-16 06:14:20.961: [INFO][SyncEngineBackend::DoInitialize] Control Types added: Encryption Keys
2025-04-16 06:14:20.961: [INFO][SyncManagerImpl::ConfigureSyncer] Types to download: Encryption Keys with reason: 3
2025-04-16 06:14:20.961: [INFO][SyncSchedulerImpl::DoConfigurationSyncCycleJob] Configure job was blocked
2025-04-16 06:14:21.000: [INFO][SyncAuthManager::SetLastAuthError] Current auth error: None
2025-04-16 06:14:21.000: [INFO][SyncAuthManager::EdgeLogTokenErrorState] Token error with: None for account type: MSA
2025-04-16 06:14:21.000: [INFO][Sync] Credentials changed for: EdgeSyncScopeNew
2025-04-16 06:14:22.355: [INFO][SyncAuthManager::SetLastAuthError] Current auth error: None
2025-04-16 06:14:22.355: [INFO][SyncAuthManager::EdgeLogTokenErrorState] Token error with: None for account type: MSA
2025-04-16 06:14:22.355: [INFO][Sync] Credentials changed for: EdgeSyncKeyDataScope
2025-04-16 06:14:22.355: [INFO][SyncEngineBackend::DoUpdateKeyDataCredentials] Update key data credentials
2025-04-16 06:14:22.356: [INFO][SyncEngineBackend::DoUpdateCredentials] Update credentials
2025-04-16 06:14:22.356: [INFO][SyncSchedulerImpl::DoConfigurationSyncCycleJob] Blocked types:  and types to download: Encryption Keys
2025-04-16 06:14:23.003: [INFO][Sync] Started DataTypeManager configuration, reason: 4
2025-04-16 06:14:23.003: [INFO][Sync] Configuring for: Bookmarks, Preferences, Passwords, Autofill Profiles, Autofill, Extensions, Sessions, Extension settings, History Delete Directives, Device Info, User Consents, Send Tab To Self, Web Apps, History, Saved Tab Group, Collection, Edge E Drop, Edge Hub App Usage, Edge Tab Group, Edge Wallet, Encryption Keys, reason: 4, current state: 0
2025-04-16 06:14:23.003: [WARN][Sync] Crypto error data types: Passwords, Autofill Profiles, Autofill
2025-04-16 06:14:23.004: [INFO][Sync] Configure, desired: Bookmarks, Preferences, Extensions, Sessions, Extension settings, History Delete Directives, Device Info, User Consents, Send Tab To Self, Web Apps, History, Saved Tab Group, Collection, Edge E Drop, Edge Hub App Usage, Edge Tab Group, Edge Wallet, Encryption Keys; Allow fail: Passwords, Autofill Profiles, Autofill
2025-04-16 06:14:23.004: [INFO][Sync] Loading: Bookmarks
2025-04-16 06:14:23.004: [INFO][Sync] Loading: Preferences
2025-04-16 06:14:23.004: [INFO][Sync] Loading: Extensions
2025-04-16 06:14:23.004: [INFO][Sync] Loading: Sessions
2025-04-16 06:14:23.004: [INFO][Sync] Loading: Extension settings
2025-04-16 06:14:23.004: [INFO][Sync] Loading: History Delete Directives
2025-04-16 06:14:23.004: [INFO][Sync] Loading: Device Info
2025-04-16 06:14:23.004: [INFO][Sync] Loading: User Consents
2025-04-16 06:14:23.004: [INFO][Sync] Loading: Send Tab To Self
2025-04-16 06:14:23.004: [INFO][Sync] Loading: Web Apps
2025-04-16 06:14:23.004: [INFO][Sync] Loading: History
2025-04-16 06:14:23.004: [INFO][Sync] Loading: Saved Tab Group
2025-04-16 06:14:23.004: [INFO][Sync] Loading: Collection
2025-04-16 06:14:23.004: [INFO][Sync] Loading: Edge E Drop
2025-04-16 06:14:23.004: [INFO][Sync] Loading: Edge Hub App Usage
2025-04-16 06:14:23.004: [INFO][Sync] Loading: Edge Tab Group
2025-04-16 06:14:23.004: [INFO][Sync] Loading: Edge Wallet
2025-04-16 06:14:23.010: [INFO][Sync] All data types are ready for configure.
2025-04-16 06:14:24.030: [INFO][Sync] Started DataTypeManager configuration, reason: 5
2025-04-16 06:14:24.030: [INFO][Sync] Configuring for: Bookmarks, Preferences, Passwords, Autofill Profiles, Autofill, Extensions, Sessions, Extension settings, History Delete Directives, Device Info, User Consents, Send Tab To Self, Web Apps, History, Saved Tab Group, Collection, Edge E Drop, Edge Hub App Usage, Edge Tab Group, Edge Wallet, Encryption Keys, reason: 5, current state: 1
2025-04-16 06:14:24.037: [INFO][SyncEngineBackend::DoStartConfiguration] Start configuration
2025-04-16 06:14:24.037: [INFO][SyncManagerImpl::ConfigureSyncer] Types to download:  with reason: 4
2025-04-16 06:14:24.037: [INFO][SyncEngineBackend::DoFinishConfigureDataTypes] Failed to download types:  and succeeded types: 
2025-04-16 06:14:24.037: [INFO][Sync] ConfigurationDone, failed: , succeeded: , remaining count: 4
2025-04-16 06:14:24.037: [WARN][Sync]     Reconfigure requested while configuration ongoing.
2025-04-16 06:14:24.037: [INFO][Sync] Configuring for: Bookmarks, Preferences, Passwords, Autofill Profiles, Autofill, Extensions, Sessions, Extension settings, History Delete Directives, Device Info, User Consents, Send Tab To Self, Web Apps, History, Saved Tab Group, Collection, Edge E Drop, Edge Hub App Usage, Edge Tab Group, Edge Wallet, Encryption Keys, reason: 5, current state: 2
2025-04-16 06:14:24.037: [INFO][Sync] Configure, desired: Bookmarks, Preferences, Passwords, Autofill Profiles, Autofill, Extensions, Sessions, Extension settings, History Delete Directives, Device Info, User Consents, Send Tab To Self, Web Apps, History, Saved Tab Group, Collection, Edge E Drop, Edge Hub App Usage, Edge Tab Group, Edge Wallet, Encryption Keys; Allow fail: 
2025-04-16 06:14:24.037: [INFO][Sync] Loading: Passwords
2025-04-16 06:14:24.037: [INFO][Sync] Loading: Autofill Profiles
2025-04-16 06:14:24.037: [INFO][Sync] Loading: Autofill
2025-04-16 06:14:24.037: [INFO][Sync] All data types are ready for configure.
2025-04-16 06:14:24.037: [INFO][SyncManagerImpl::NudgeForInitialDownload] Initial download nudge for Passwords
2025-04-16 06:14:24.037: [INFO][SyncManagerImpl::ConfigureSyncer] Types to download:  with reason: 5
2025-04-16 06:14:24.037: [INFO][SyncEngineBackend::DoFinishConfigureDataTypes] Failed to download types:  and succeeded types: 
2025-04-16 06:14:24.037: [INFO][Sync] ConfigurationDone, failed: , succeeded: , remaining count: 4
2025-04-16 06:14:24.037: [INFO][Sync] Prepare to configure types: Passwords, Encryption Keys
2025-04-16 06:14:24.038: [INFO][SyncManagerImpl::ConfigureSyncer] Types to download: Passwords, Encryption Keys with reason: 5
2025-04-16 06:14:24.038: [INFO][SyncSchedulerImpl::DoConfigurationSyncCycleJob] Blocked types:  and types to download: Passwords, Encryption Keys
2025-04-16 06:14:24.709: [INFO][SyncEngineBackend::DoFinishConfigureDataTypes] Failed to download types:  and succeeded types: Passwords, Encryption Keys
2025-04-16 06:14:24.709: [INFO][Sync] ConfigurationDone, failed: , succeeded: Passwords, Encryption Keys, remaining count: 3
2025-04-16 06:14:24.710: [INFO][SyncManagerImpl::ConfigureSyncer] Types to download:  with reason: 5
2025-04-16 06:14:24.710: [INFO][SyncEngineBackend::DoFinishConfigureDataTypes] Failed to download types:  and succeeded types: 
2025-04-16 06:14:24.710: [INFO][Sync] ConfigurationDone, failed: , succeeded: , remaining count: 2
2025-04-16 06:14:24.710: [INFO][SyncManagerImpl::ConfigureSyncer] Types to download:  with reason: 5
2025-04-16 06:14:24.710: [INFO][SyncEngineBackend::DoFinishConfigureDataTypes] Failed to download types:  and succeeded types: 
2025-04-16 06:14:24.711: [INFO][Sync] ConfigurationDone, failed: , succeeded: , remaining count: 1
2025-04-16 06:14:24.712: [INFO][SyncManagerImpl::ConfigureSyncer] Types to download:  with reason: 5
2025-04-16 06:14:24.712: [INFO][SyncEngineBackend::DoFinishConfigureDataTypes] Failed to download types:  and succeeded types: 
2025-04-16 06:14:24.713: [INFO][Sync] ConfigurationDone, failed: , succeeded: , remaining count: 0
2025-04-16 06:14:24.713: [INFO][Sync]     Configuration completed, state: 7
2025-04-16 06:14:24.713: [INFO][Sync] Configured DataTypeManager: Ok
2025-04-16 06:14:24.715: [INFO][SyncEngineBackend::DoStartSyncing] Start syncing
2025-04-16 06:22:47.713: [INFO][Sync] SyncState after authenticated was: FeatureCanStart
2025-04-16 06:22:48.142: [INFO][Sync] Try to start sync engine
2025-04-16 06:22:48.143: [INFO][SyncManagerImpl::NudgeForInitialDownload] Initial download nudge for Encryption Keys
2025-04-16 06:22:48.143: [INFO][SyncEngineBackend::LoadAndConnectNigoriController] Load and connect Nigori controller
2025-04-16 06:22:48.143: [INFO][SyncEngineBackend::DoInitialize] Control Types added: Encryption Keys
2025-04-16 06:22:48.143: [INFO][SyncManagerImpl::ConfigureSyncer] Types to download: Encryption Keys with reason: 3
2025-04-16 06:22:48.143: [INFO][SyncSchedulerImpl::DoConfigurationSyncCycleJob] Configure job was blocked
2025-04-16 06:22:48.180: [INFO][SyncAuthManager::SetLastAuthError] Current auth error: None
2025-04-16 06:22:48.180: [INFO][SyncAuthManager::EdgeLogTokenErrorState] Token error with: None for account type: MSA
2025-04-16 06:22:48.180: [INFO][Sync] Credentials changed for: EdgeSyncScopeNew
2025-04-16 06:22:49.882: [INFO][SyncAuthManager::SetLastAuthError] Current auth error: None
2025-04-16 06:22:49.882: [INFO][SyncAuthManager::EdgeLogTokenErrorState] Token error with: None for account type: MSA
2025-04-16 06:22:49.882: [INFO][Sync] Credentials changed for: EdgeSyncKeyDataScope
2025-04-16 06:22:49.882: [INFO][SyncEngineBackend::DoUpdateKeyDataCredentials] Update key data credentials
2025-04-16 06:22:49.882: [INFO][SyncEngineBackend::DoUpdateCredentials] Update credentials
2025-04-16 06:22:49.882: [INFO][SyncSchedulerImpl::DoConfigurationSyncCycleJob] Blocked types:  and types to download: Encryption Keys
2025-04-16 06:22:50.665: [INFO][Sync] Started DataTypeManager configuration, reason: 4
2025-04-16 06:22:50.665: [INFO][Sync] Configuring for: Bookmarks, Preferences, Passwords, Autofill Profiles, Autofill, Extensions, Sessions, Extension settings, History Delete Directives, Device Info, User Consents, Send Tab To Self, Web Apps, History, Saved Tab Group, Collection, Edge E Drop, Edge Hub App Usage, Edge Tab Group, Edge Wallet, Encryption Keys, reason: 4, current state: 0
2025-04-16 06:22:50.665: [WARN][Sync] Crypto error data types: Passwords, Autofill Profiles, Autofill
2025-04-16 06:22:50.666: [INFO][Sync] Configure, desired: Bookmarks, Preferences, Extensions, Sessions, Extension settings, History Delete Directives, Device Info, User Consents, Send Tab To Self, Web Apps, History, Saved Tab Group, Collection, Edge E Drop, Edge Hub App Usage, Edge Tab Group, Edge Wallet, Encryption Keys; Allow fail: Passwords, Autofill Profiles, Autofill
2025-04-16 06:22:50.666: [INFO][Sync] Loading: Bookmarks
2025-04-16 06:22:50.666: [INFO][Sync] Loading: Preferences
2025-04-16 06:22:50.666: [INFO][Sync] Loading: Extensions
2025-04-16 06:22:50.666: [INFO][Sync] Loading: Sessions
2025-04-16 06:22:50.666: [INFO][Sync] Loading: Extension settings
2025-04-16 06:22:50.666: [INFO][Sync] Loading: History Delete Directives
2025-04-16 06:22:50.666: [INFO][Sync] Loading: Device Info
2025-04-16 06:22:50.666: [INFO][Sync] Loading: User Consents
2025-04-16 06:22:50.666: [INFO][Sync] Loading: Send Tab To Self
2025-04-16 06:22:50.666: [INFO][Sync] Loading: Web Apps
2025-04-16 06:22:50.666: [INFO][Sync] Loading: History
2025-04-16 06:22:50.666: [INFO][Sync] Loading: Saved Tab Group
2025-04-16 06:22:50.666: [INFO][Sync] Loading: Collection
2025-04-16 06:22:50.666: [INFO][Sync] Loading: Edge E Drop
2025-04-16 06:22:50.666: [INFO][Sync] Loading: Edge Hub App Usage
2025-04-16 06:22:50.666: [INFO][Sync] Loading: Edge Tab Group
2025-04-16 06:22:50.666: [INFO][Sync] Loading: Edge Wallet
2025-04-16 06:22:50.673: [INFO][Sync] All data types are ready for configure.
2025-04-16 06:22:52.748: [INFO][Sync] Started DataTypeManager configuration, reason: 5
2025-04-16 06:22:52.748: [INFO][Sync] Configuring for: Bookmarks, Preferences, Passwords, Autofill Profiles, Autofill, Extensions, Sessions, Extension settings, History Delete Directives, Device Info, User Consents, Send Tab To Self, Web Apps, History, Saved Tab Group, Collection, Edge E Drop, Edge Hub App Usage, Edge Tab Group, Edge Wallet, Encryption Keys, reason: 5, current state: 1
2025-04-16 06:22:52.756: [INFO][SyncEngineBackend::DoStartConfiguration] Start configuration
2025-04-16 06:22:52.756: [INFO][SyncManagerImpl::ConfigureSyncer] Types to download:  with reason: 4
2025-04-16 06:22:52.756: [INFO][SyncEngineBackend::DoFinishConfigureDataTypes] Failed to download types:  and succeeded types: 
2025-04-16 06:22:52.756: [INFO][Sync] ConfigurationDone, failed: , succeeded: , remaining count: 4
2025-04-16 06:22:52.756: [WARN][Sync]     Reconfigure requested while configuration ongoing.
2025-04-16 06:22:52.756: [INFO][Sync] Configuring for: Bookmarks, Preferences, Passwords, Autofill Profiles, Autofill, Extensions, Sessions, Extension settings, History Delete Directives, Device Info, User Consents, Send Tab To Self, Web Apps, History, Saved Tab Group, Collection, Edge E Drop, Edge Hub App Usage, Edge Tab Group, Edge Wallet, Encryption Keys, reason: 5, current state: 2
2025-04-16 06:22:52.756: [INFO][Sync] Configure, desired: Bookmarks, Preferences, Passwords, Autofill Profiles, Autofill, Extensions, Sessions, Extension settings, History Delete Directives, Device Info, User Consents, Send Tab To Self, Web Apps, History, Saved Tab Group, Collection, Edge E Drop, Edge Hub App Usage, Edge Tab Group, Edge Wallet, Encryption Keys; Allow fail: 
2025-04-16 06:22:52.756: [INFO][Sync] Loading: Passwords
2025-04-16 06:22:52.756: [INFO][Sync] Loading: Autofill Profiles
2025-04-16 06:22:52.756: [INFO][Sync] Loading: Autofill
2025-04-16 06:22:52.756: [INFO][Sync] All data types are ready for configure.
2025-04-16 06:22:52.756: [INFO][SyncManagerImpl::NudgeForInitialDownload] Initial download nudge for Passwords
2025-04-16 06:22:52.756: [INFO][SyncManagerImpl::ConfigureSyncer] Types to download:  with reason: 5
2025-04-16 06:22:52.756: [INFO][SyncEngineBackend::DoFinishConfigureDataTypes] Failed to download types:  and succeeded types: 
2025-04-16 06:22:52.756: [INFO][Sync] ConfigurationDone, failed: , succeeded: , remaining count: 4
2025-04-16 06:22:52.756: [INFO][Sync] Prepare to configure types: Passwords, Encryption Keys
2025-04-16 06:22:52.756: [INFO][SyncManagerImpl::ConfigureSyncer] Types to download: Passwords, Encryption Keys with reason: 5
2025-04-16 06:22:52.756: [INFO][SyncSchedulerImpl::DoConfigurationSyncCycleJob] Blocked types:  and types to download: Passwords, Encryption Keys
2025-04-16 06:22:53.428: [INFO][SyncEngineBackend::DoFinishConfigureDataTypes] Failed to download types:  and succeeded types: Passwords, Encryption Keys
2025-04-16 06:22:53.429: [INFO][Sync] ConfigurationDone, failed: , succeeded: Passwords, Encryption Keys, remaining count: 3
2025-04-16 06:22:53.429: [INFO][SyncManagerImpl::ConfigureSyncer] Types to download:  with reason: 5
2025-04-16 06:22:53.429: [INFO][SyncEngineBackend::DoFinishConfigureDataTypes] Failed to download types:  and succeeded types: 
2025-04-16 06:22:53.429: [INFO][Sync] ConfigurationDone, failed: , succeeded: , remaining count: 2
2025-04-16 06:22:53.429: [INFO][SyncManagerImpl::ConfigureSyncer] Types to download:  with reason: 5
2025-04-16 06:22:53.429: [INFO][SyncEngineBackend::DoFinishConfigureDataTypes] Failed to download types:  and succeeded types: 
2025-04-16 06:22:53.431: [INFO][Sync] ConfigurationDone, failed: , succeeded: , remaining count: 1
2025-04-16 06:22:53.432: [INFO][SyncManagerImpl::ConfigureSyncer] Types to download:  with reason: 5
2025-04-16 06:22:53.432: [INFO][SyncEngineBackend::DoFinishConfigureDataTypes] Failed to download types:  and succeeded types: 
2025-04-16 06:22:53.432: [INFO][Sync] ConfigurationDone, failed: , succeeded: , remaining count: 0
2025-04-16 06:22:53.433: [INFO][Sync]     Configuration completed, state: 7
2025-04-16 06:22:53.434: [INFO][Sync] Configured DataTypeManager: Ok
2025-04-16 06:22:53.435: [INFO][SyncEngineBackend::DoStartSyncing] Start syncing
